                      :-) GROMACS - gmx mdrun, 2023.3 (-:

Copyright 1991-2023 The GROMACS Authors.
GROMACS is free software; you can redistribute it and/or modify it
under the terms of the GNU Lesser General Public License
as published by the Free Software Foundation; either version 2.1
of the License, or (at your option) any later version.

                         Current GROMACS contributors:
       Mark Abraham           Andrey Alekseenko           Cathrine Bergh      
      Christian Blau            Eliane Briand             Mahesh Doijade      
    Stefan Fleischmann           Vytas Gapsys              Gaurav Garg        
      Sergey Gorelov         Gilles Gouaillardet            Alan Gray         
     M. Eric Irrgang         Farzaneh Jalalypour            Joe Jordan        
    Christoph Junghans        Prashanth Kanduri          Sebastian Keller     
     Carsten Kutzner           Justin A. Lemkul          Magnus Lundborg      
       Pascal Merz              Vedran Miletic            Dmitry Morozov      
       Szilard Pall             Roland Schulz             Michael Shirts      
     Alexey Shvetsov            Balint Soproni         David van der Spoel    
      Philip Turner             Carsten Uphoff           Alessandra Villa     
 Sebastian Wingbermuehle        Artem Zhmurov       

                         Previous GROMACS contributors:
        Emile Apol             Rossen Apostolov           James Barnett       
  Herman J.C. Berendsen          Par Bjelkmar           Viacheslav Bolnykh    
        Kevin Boyd            Aldert van Buuren          Carlo Camilloni      
     Rudi van Drunen            Anton Feenstra           Oliver Fleetwood     
     Gerrit Groenhof            Bert de Groot             Anca Hamuraru       
    Vincent Hindriksen          Victor Holanda           Aleksei Iupinov      
   Dimitrios Karkoulis           Peter Kasson             Sebastian Kehl      
        Jiri Kraus               Per Larsson              Viveca Lindahl      
      Erik Marklund           Pieter Meulenhoff           Teemu Murtola       
       Sander Pronk             Alfons Sijbers            Peter Tieleman      
       Jon Vincent             Teemu Virolainen         Christian Wennberg    
       Maarten Wolf       

                  Coordinated by the GROMACS project leaders:
                    Paul Bauer, Berk Hess, and Erik Lindahl

GROMACS:      gmx mdrun, version 2023.3
Executable:   /ext3/apps/gromacs/2023.3/openmpi/intel/bin/gmx_mpi
Data prefix:  /ext3/apps/gromacs/2023.3/openmpi/intel
Working dir:  /scratch/work/courses/CHEM-GA-2671-2024fa/students/ra3194/comp-lab-class-2024/Week4-CharmmGuiSetup/Water Charm Files/gromacs
Process ID:   1420384
Command line:
  gmx_mpi mdrun -v -deffnm step5_2

GROMACS version:    2023.3
Precision:          mixed
Memory model:       64 bit
MPI library:        MPI
OpenMP support:     disabled
GPU support:        disabled
SIMD instructions:  AVX2_256
CPU FFT library:    fftw-3.3.8-sse2-avx-avx2-avx2_128
GPU FFT library:    none
Multi-GPU FFT:      none
RDTSCP usage:       enabled
TNG support:        enabled
Hwloc support:      disabled
Tracing support:    disabled
C compiler:         /share/apps/utils/intel/icc Intel 2021.5.0.20211109
C compiler flags:   -mavx2 -mfma -pthread -O3 -DNDEBUG
C++ compiler:       /share/apps/utils/intel/icpc Intel 2021.5.0.20211109
C++ compiler flags: -mavx2 -mfma -pthread -O3 -DNDEBUG
BLAS library:       External - detected on the system
LAPACK library:     External - detected on the system


Running on 1 node with total 10 cores, 10 processing units
Hardware detected on host cm002.hpc.nyu.edu (the node of MPI rank 0):
  CPU info:
    Vendor: Intel
    Brand:  Intel(R) Xeon(R) Platinum 8268 CPU @ 2.90GHz
    Family: 6   Model: 85   Stepping: 7
    Features: aes apic avx avx2 avx512f avx512cd avx512bw avx512vl avx512secondFMA clfsh cmov cx8 cx16 f16c fma htt intel lahf mmx msr nonstop_tsc pcid pclmuldq pdcm pdpe1gb popcnt pse rdrnd rdtscp sse2 sse3 sse4.1 sse4.2 ssse3 tdt x2apic
    Number of AVX-512 FMA units: 2
  Hardware topology: Basic
    Packages, cores, and logical processors:
    [indices refer to OS logical processors]
      Package  0: [   0] [   6] [   7] [  10] [  17] [  23]
      Package  1: [  31] [  45] [  46] [  47]
    CPU limit set by OS: -1   Recommended max number of threads: 10

Likely fastest SIMD instructions supported by all nodes: AVX_512
SIMD instructions selected at compile time:              AVX2_256
Merely a note: it is unfortunately hard to know for sure which SIMD
instructons will perform best on this hardware. For non-GPU runs
on Intel CPUs with dual AVX-512 units, using AVX-512 can be good,
while AVX2 is often better for runs also using a GPU. Typically
this is just a few percent, so don't worry unless you are tuning.


++++ PLEASE READ AND CITE THE FOLLOWING REFERENCE ++++
M. J. Abraham, T. Murtola, R. Schulz, S. Páll, J. C. Smith, B. Hess, E.
Lindahl
GROMACS: High performance molecular simulations through multi-level
parallelism from laptops to supercomputers
SoftwareX 1 (2015) pp. 19-25
-------- -------- --- Thank You --- -------- --------


++++ PLEASE READ AND CITE THE FOLLOWING REFERENCE ++++
S. Páll, M. J. Abraham, C. Kutzner, B. Hess, E. Lindahl
Tackling Exascale Software Challenges in Molecular Dynamics Simulations with
GROMACS
In S. Markidis & E. Laure (Eds.), Solving Software Challenges for Exascale 8759 (2015) pp. 3-27
-------- -------- --- Thank You --- -------- --------


++++ PLEASE READ AND CITE THE FOLLOWING REFERENCE ++++
S. Pronk, S. Páll, R. Schulz, P. Larsson, P. Bjelkmar, R. Apostolov, M. R.
Shirts, J. C. Smith, P. M. Kasson, D. van der Spoel, B. Hess, and E. Lindahl
GROMACS 4.5: a high-throughput and highly parallel open source molecular
simulation toolkit
Bioinformatics 29 (2013) pp. 845-54
-------- -------- --- Thank You --- -------- --------


++++ PLEASE READ AND CITE THE FOLLOWING REFERENCE ++++
B. Hess and C. Kutzner and D. van der Spoel and E. Lindahl
GROMACS 4: Algorithms for highly efficient, load-balanced, and scalable
molecular simulation
J. Chem. Theory Comput. 4 (2008) pp. 435-447
-------- -------- --- Thank You --- -------- --------


++++ PLEASE READ AND CITE THE FOLLOWING REFERENCE ++++
D. van der Spoel, E. Lindahl, B. Hess, G. Groenhof, A. E. Mark and H. J. C.
Berendsen
GROMACS: Fast, Flexible and Free
J. Comp. Chem. 26 (2005) pp. 1701-1719
-------- -------- --- Thank You --- -------- --------


++++ PLEASE READ AND CITE THE FOLLOWING REFERENCE ++++
E. Lindahl and B. Hess and D. van der Spoel
GROMACS 3.0: A package for molecular simulation and trajectory analysis
J. Mol. Mod. 7 (2001) pp. 306-317
-------- -------- --- Thank You --- -------- --------


++++ PLEASE READ AND CITE THE FOLLOWING REFERENCE ++++
H. J. C. Berendsen, D. van der Spoel and R. van Drunen
GROMACS: A message-passing parallel molecular dynamics implementation
Comp. Phys. Comm. 91 (1995) pp. 43-56
-------- -------- --- Thank You --- -------- --------


++++ PLEASE CITE THE DOI FOR THIS VERSION OF GROMACS ++++
https://doi.org/10.5281/zenodo.10017686
-------- -------- --- Thank You --- -------- --------

Input Parameters:
   integrator                     = md
   tinit                          = 0
   dt                             = 0.002
   nsteps                         = 500000
   init-step                      = 0
   simulation-part                = 1
   mts                            = false
   comm-mode                      = Linear
   nstcomm                        = 100
   bd-fric                        = 0
   ld-seed                        = -1082140678
   emtol                          = 10
   emstep                         = 0.01
   niter                          = 20
   fcstep                         = 0
   nstcgsteep                     = 1000
   nbfgscorr                      = 10
   rtpi                           = 0.05
   nstxout                        = 5000
   nstvout                        = 5000
   nstfout                        = 5000
   nstlog                         = 1000
   nstcalcenergy                  = 100
   nstenergy                      = 1000
   nstxout-compressed             = 50000
   compressed-x-precision         = 1000
   cutoff-scheme                  = Verlet
   nstlist                        = 20
   pbc                            = xyz
   periodic-molecules             = false
   verlet-buffer-tolerance        = 0.005
   rlist                          = 1.223
   coulombtype                    = PME
   coulomb-modifier               = Potential-shift
   rcoulomb-switch                = 0
   rcoulomb                       = 1.2
   epsilon-r                      = 1
   epsilon-rf                     = inf
   vdw-type                       = Cut-off
   vdw-modifier                   = Force-switch
   rvdw-switch                    = 1
   rvdw                           = 1.2
   DispCorr                       = No
   table-extension                = 1
   fourierspacing                 = 0.12
   fourier-nx                     = 42
   fourier-ny                     = 42
   fourier-nz                     = 42
   pme-order                      = 4
   ewald-rtol                     = 1e-05
   ewald-rtol-lj                  = 0.001
   lj-pme-comb-rule               = Geometric
   ewald-geometry                 = 3d
   epsilon-surface                = 0
   ensemble-temperature-setting   = constant
   ensemble-temperature           = 300
   tcoupl                         = V-rescale
   nsttcouple                     = 100
   nh-chain-length                = 0
   print-nose-hoover-chain-variables = false
   pcoupl                         = No
   pcoupltype                     = Isotropic
   nstpcouple                     = -1
   tau-p                          = 1
   compressibility (3x3):
      compressibility[    0]={ 0.00000e+00,  0.00000e+00,  0.00000e+00}
      compressibility[    1]={ 0.00000e+00,  0.00000e+00,  0.00000e+00}
      compressibility[    2]={ 0.00000e+00,  0.00000e+00,  0.00000e+00}
   ref-p (3x3):
      ref-p[    0]={ 0.00000e+00,  0.00000e+00,  0.00000e+00}
      ref-p[    1]={ 0.00000e+00,  0.00000e+00,  0.00000e+00}
      ref-p[    2]={ 0.00000e+00,  0.00000e+00,  0.00000e+00}
   refcoord-scaling               = No
   posres-com (3):
      posres-com[0]= 0.00000e+00
      posres-com[1]= 0.00000e+00
      posres-com[2]= 0.00000e+00
   posres-comB (3):
      posres-comB[0]= 0.00000e+00
      posres-comB[1]= 0.00000e+00
      posres-comB[2]= 0.00000e+00
   QMMM                           = false
qm-opts:
   ngQM                           = 0
   constraint-algorithm           = Lincs
   continuation                   = true
   Shake-SOR                      = false
   shake-tol                      = 0.0001
   lincs-order                    = 4
   lincs-iter                     = 1
   lincs-warnangle                = 30
   nwall                          = 0
   wall-type                      = 9-3
   wall-r-linpot                  = -1
   wall-atomtype[0]               = -1
   wall-atomtype[1]               = -1
   wall-density[0]                = 0
   wall-density[1]                = 0
   wall-ewald-zfac                = 3
   pull                           = false
   awh                            = false
   rotation                       = false
   interactiveMD                  = false
   disre                          = No
   disre-weighting                = Conservative
   disre-mixed                    = false
   dr-fc                          = 1000
   dr-tau                         = 0
   nstdisreout                    = 100
   orire-fc                       = 0
   orire-tau                      = 0
   nstorireout                    = 100
   free-energy                    = no
   cos-acceleration               = 0
   deform (3x3):
      deform[    0]={ 0.00000e+00,  0.00000e+00,  0.00000e+00}
      deform[    1]={ 0.00000e+00,  0.00000e+00,  0.00000e+00}
      deform[    2]={ 0.00000e+00,  0.00000e+00,  0.00000e+00}
   simulated-tempering            = false
   swapcoords                     = no
   userint1                       = 0
   userint2                       = 0
   userint3                       = 0
   userint4                       = 0
   userreal1                      = 0
   userreal2                      = 0
   userreal3                      = 0
   userreal4                      = 0
   applied-forces:
     electric-field:
       x:
         E0                       = 0
         omega                    = 0
         t0                       = 0
         sigma                    = 0
       y:
         E0                       = 0
         omega                    = 0
         t0                       = 0
         sigma                    = 0
       z:
         E0                       = 0
         omega                    = 0
         t0                       = 0
         sigma                    = 0
     density-guided-simulation:
       active                     = false
       group                      = protein
       similarity-measure         = inner-product
       atom-spreading-weight      = unity
       force-constant             = 1e+09
       gaussian-transform-spreading-width = 0.2
       gaussian-transform-spreading-range-in-multiples-of-width = 4
       reference-density-filename = reference.mrc
       nst                        = 1
       normalize-densities        = true
       adaptive-force-scaling     = false
       adaptive-force-scaling-time-constant = 4
       shift-vector               = 
       transformation-matrix      = 
     qmmm-cp2k:
       active                     = false
       qmgroup                    = System
       qmmethod                   = PBE
       qmfilenames                = 
       qmcharge                   = 0
       qmmultiplicity             = 1
grpopts:
   nrdf:       23283
   ref-t:         300
   tau-t:           1
annealing:          No
annealing-npoints:           0
   acc:	           0           0           0
   nfreeze:           N           N           N
   energygrp-flags[  0]: 0

Changing nstlist from 20 to 80, rlist from 1.223 to 1.32


Initializing Domain Decomposition on 1 ranks
Dynamic load balancing: auto
Using update groups, nr 3888, average size 3.0 atoms, max. radius 0.078 nm
Minimum cell size due to atom displacement: 0.442 nm
Using 0 separate PME ranks because: there are too few total ranks for efficient splitting
Optimizing the DD grid for 1 cells with a minimum initial size of 0.442 nm
The maximum allowed number of cells is: X 11 Y 11 Z 11
Domain decomposition grid 1 x 1 x 1, separate PME ranks 0
PME domain decomposition: 1 x 1 x 1

The initial number of communication pulses is:
The initial domain decomposition cell size is:

When dynamic load balancing gets turned on, these settings will change to:
The maximum number of communication pulses is:
The minimum size for domain decomposition cells is 1.476 nm
The requested allowed shrink of DD cells (option -dds) is: 0.80
The allowed shrink of domain decomposition cells is:

Using 1 MPI process

Non-default thread affinity set, disabling internal thread affinity
System total charge: 0.000
Will do PME sum in reciprocal space for electrostatic interactions.

++++ PLEASE READ AND CITE THE FOLLOWING REFERENCE ++++
U. Essmann, L. Perera, M. L. Berkowitz, T. Darden, H. Lee and L. G. Pedersen 
A smooth particle mesh Ewald method
J. Chem. Phys. 103 (1995) pp. 8577-8592
-------- -------- --- Thank You --- -------- --------

Using a Gaussian width (1/beta) of 0.384195 nm for Ewald
Potential shift: LJ r^-12: -2.648e-01 r^-6: -5.349e-01, Ewald -8.333e-06
Initialized non-bonded Coulomb Ewald tables, spacing: 1.02e-03 size: 1176



Using SIMD 4x8 nonbonded short-range kernels

Using a dual 4x8 pair-list setup updated with dynamic pruning:
  outer list: updated every 80 steps, buffer 0.120 nm, rlist 1.320 nm
  inner list: updated every 13 steps, buffer 0.002 nm, rlist 1.202 nm
At tolerance 0.005 kJ/mol/ps per atom, equivalent classical 1x1 list would be:
  outer list: updated every 80 steps, buffer 0.264 nm, rlist 1.464 nm
  inner list: updated every 13 steps, buffer 0.052 nm, rlist 1.252 nm

The non-bonded pair calculation algorithm tolerates a few missing pair interactions close to the cut-off. This can lead to a systematic overestimation of the pressure due to missing LJ interactions. The error in the average pressure due to missing LJ interactions is at most 0.11 bar.
The pressure error can be controlled by setting the environment variable GMX_VERLET_BUFFER_PRESSURE_TOLERANCE to the allowed error in units of bar.

Linking all bonded interactions to atoms


++++ PLEASE READ AND CITE THE FOLLOWING REFERENCE ++++
S. Miyamoto and P. A. Kollman
SETTLE: An Analytical Version of the SHAKE and RATTLE Algorithms for Rigid
Water Models
J. Comp. Chem. 13 (1992) pp. 952-962
-------- -------- --- Thank You --- -------- --------


++++ PLEASE READ AND CITE THE FOLLOWING REFERENCE ++++
G. Bussi, D. Donadio and M. Parrinello
Canonical sampling through velocity rescaling
J. Chem. Phys. 126 (2007) pp. 014101
-------- -------- --- Thank You --- -------- --------

There are: 11636 Atoms

Atom distribution over 1 domains: av 11636 stddev 0 min 11636 max 11636
Center of mass motion removal mode is Linear
We have the following groups for center of mass motion removal:
  0:  SOLV

Started mdrun on rank 0 Thu Sep 26 18:52:36 2024

           Step           Time
              0        0.00000

   Energies (kJ/mol)
        LJ (SR)   Coulomb (SR)   Coul. recip.      Potential    Kinetic En.
    1.74110e+04   -1.79913e+05    5.55130e+02   -1.61947e+05    2.91218e+04
   Total Energy  Conserved En.    Temperature Pressure (bar)
   -1.32826e+05   -1.32826e+05    3.00868e+02   -1.07668e+03

           Step           Time
           1000        2.00000

   Energies (kJ/mol)
        LJ (SR)   Coulomb (SR)   Coul. recip.      Potential    Kinetic En.
    1.66315e+04   -1.78584e+05    5.71981e+02   -1.61380e+05    2.92144e+04
   Total Energy  Conserved En.    Temperature Pressure (bar)
   -1.32166e+05   -1.32824e+05    3.01824e+02   -1.33683e+03

           Step           Time
           2000        4.00000

   Energies (kJ/mol)
        LJ (SR)   Coulomb (SR)   Coul. recip.      Potential    Kinetic En.
    1.67820e+04   -1.78306e+05    5.69721e+02   -1.60954e+05    2.90283e+04
   Total Energy  Conserved En.    Temperature Pressure (bar)
   -1.31926e+05   -1.32820e+05    2.99902e+02   -1.19647e+03

           Step           Time
           3000        6.00000

   Energies (kJ/mol)
        LJ (SR)   Coulomb (SR)   Coul. recip.      Potential    Kinetic En.
    1.70403e+04   -1.78534e+05    5.45320e+02   -1.60948e+05    2.91855e+04
   Total Energy  Conserved En.    Temperature Pressure (bar)
   -1.31762e+05   -1.32813e+05    3.01526e+02   -1.08920e+03

           Step           Time
           4000        8.00000

   Energies (kJ/mol)
        LJ (SR)   Coulomb (SR)   Coul. recip.      Potential    Kinetic En.
    1.72237e+04   -1.79017e+05    5.80501e+02   -1.61213e+05    2.91339e+04
   Total Energy  Conserved En.    Temperature Pressure (bar)
   -1.32079e+05   -1.32818e+05    3.00992e+02   -1.11379e+03

           Step           Time
           5000       10.00000

   Energies (kJ/mol)
        LJ (SR)   Coulomb (SR)   Coul. recip.      Potential    Kinetic En.
    1.67244e+04   -1.78268e+05    5.40585e+02   -1.61003e+05    2.88989e+04
   Total Energy  Conserved En.    Temperature Pressure (bar)
   -1.32104e+05   -1.32819e+05    2.98564e+02   -1.27577e+03

           Step           Time
           6000       12.00000

   Energies (kJ/mol)
        LJ (SR)   Coulomb (SR)   Coul. recip.      Potential    Kinetic En.
    1.70246e+04   -1.77970e+05    5.46706e+02   -1.60398e+05    2.90479e+04
   Total Energy  Conserved En.    Temperature Pressure (bar)
   -1.31350e+05   -1.32810e+05    3.00104e+02   -1.05010e+03

           Step           Time
           7000       14.00000

   Energies (kJ/mol)
        LJ (SR)   Coulomb (SR)   Coul. recip.      Potential    Kinetic En.
    1.72978e+04   -1.78345e+05    5.46114e+02   -1.60501e+05    2.96561e+04
   Total Energy  Conserved En.    Temperature Pressure (bar)
   -1.30845e+05   -1.32808e+05    3.06388e+02   -8.98639e+02

           Step           Time
           8000       16.00000

   Energies (kJ/mol)
        LJ (SR)   Coulomb (SR)   Coul. recip.      Potential    Kinetic En.
    1.67601e+04   -1.78067e+05    5.85557e+02   -1.60722e+05    2.92867e+04
   Total Energy  Conserved En.    Temperature Pressure (bar)
   -1.31435e+05   -1.32811e+05    3.02571e+02   -1.19247e+03

           Step           Time
           9000       18.00000

   Energies (kJ/mol)
        LJ (SR)   Coulomb (SR)   Coul. recip.      Potential    Kinetic En.
    1.63954e+04   -1.77949e+05    5.75203e+02   -1.60978e+05    2.91794e+04
   Total Energy  Conserved En.    Temperature Pressure (bar)
   -1.31799e+05   -1.32805e+05    3.01462e+02   -1.46740e+03

           Step           Time
          10000       20.00000

   Energies (kJ/mol)
        LJ (SR)   Coulomb (SR)   Coul. recip.      Potential    Kinetic En.
    1.72029e+04   -1.78426e+05    5.68733e+02   -1.60654e+05    2.93953e+04
   Total Energy  Conserved En.    Temperature Pressure (bar)
   -1.31259e+05   -1.32807e+05    3.03693e+02   -9.57347e+02

           Step           Time
          11000       22.00000

   Energies (kJ/mol)
        LJ (SR)   Coulomb (SR)   Coul. recip.      Potential    Kinetic En.
    1.67502e+04   -1.77934e+05    5.75398e+02   -1.60609e+05    2.92156e+04
   Total Energy  Conserved En.    Temperature Pressure (bar)
   -1.31393e+05   -1.32802e+05    3.01836e+02   -1.18224e+03

           Step           Time
          12000       24.00000

   Energies (kJ/mol)
        LJ (SR)   Coulomb (SR)   Coul. recip.      Potential    Kinetic En.
    1.66806e+04   -1.78589e+05    5.69849e+02   -1.61338e+05    2.92764e+04
   Total Energy  Conserved En.    Temperature Pressure (bar)
   -1.32062e+05   -1.32797e+05    3.02465e+02   -1.38137e+03

           Step           Time
          13000       26.00000

   Energies (kJ/mol)
        LJ (SR)   Coulomb (SR)   Coul. recip.      Potential    Kinetic En.
    1.71428e+04   -1.79092e+05    5.53616e+02   -1.61396e+05    2.90744e+04
   Total Energy  Conserved En.    Temperature Pressure (bar)
   -1.32321e+05   -1.32795e+05    3.00378e+02   -1.08210e+03

           Step           Time
          14000       28.00000

   Energies (kJ/mol)
        LJ (SR)   Coulomb (SR)   Coul. recip.      Potential    Kinetic En.
    1.70380e+04   -1.79041e+05    6.24977e+02   -1.61378e+05    2.87346e+04
   Total Energy  Conserved En.    Temperature Pressure (bar)
   -1.32643e+05   -1.32790e+05    2.96867e+02   -1.18616e+03

           Step           Time
          15000       30.00000

   Energies (kJ/mol)
        LJ (SR)   Coulomb (SR)   Coul. recip.      Potential    Kinetic En.
    1.68122e+04   -1.78216e+05    5.75340e+02   -1.60828e+05    2.86577e+04
   Total Energy  Conserved En.    Temperature Pressure (bar)
   -1.32170e+05   -1.32792e+05    2.96073e+02   -1.26241e+03

           Step           Time
          16000       32.00000

   Energies (kJ/mol)
        LJ (SR)   Coulomb (SR)   Coul. recip.      Potential    Kinetic En.
    1.73255e+04   -1.79018e+05    5.78742e+02   -1.61114e+05    2.89112e+04
   Total Energy  Conserved En.    Temperature Pressure (bar)
   -1.32203e+05   -1.32790e+05    2.98692e+02   -1.05699e+03

           Step           Time
          17000       34.00000

   Energies (kJ/mol)
        LJ (SR)   Coulomb (SR)   Coul. recip.      Potential    Kinetic En.
    1.64340e+04   -1.77870e+05    5.40654e+02   -1.60895e+05    2.89646e+04
   Total Energy  Conserved En.    Temperature Pressure (bar)
   -1.31931e+05   -1.32790e+05    2.99244e+02   -1.38054e+03

           Step           Time
          18000       36.00000

   Energies (kJ/mol)
        LJ (SR)   Coulomb (SR)   Coul. recip.      Potential    Kinetic En.
    1.72745e+04   -1.78806e+05    5.77577e+02   -1.60954e+05    2.88151e+04
   Total Energy  Conserved En.    Temperature Pressure (bar)
   -1.32139e+05   -1.32781e+05    2.97699e+02   -9.71073e+02

           Step           Time
          19000       38.00000

   Energies (kJ/mol)
        LJ (SR)   Coulomb (SR)   Coul. recip.      Potential    Kinetic En.
    1.67124e+04   -1.78391e+05    5.86109e+02   -1.61092e+05    2.87718e+04
   Total Energy  Conserved En.    Temperature Pressure (bar)
   -1.32320e+05   -1.32785e+05    2.97252e+02   -1.23710e+03

           Step           Time
          20000       40.00000

   Energies (kJ/mol)
        LJ (SR)   Coulomb (SR)   Coul. recip.      Potential    Kinetic En.
    1.67206e+04   -1.78272e+05    5.69383e+02   -1.60982e+05    2.91521e+04
   Total Energy  Conserved En.    Temperature Pressure (bar)
   -1.31830e+05   -1.32778e+05    3.01181e+02   -1.25574e+03

           Step           Time
          21000       42.00000

   Energies (kJ/mol)
        LJ (SR)   Coulomb (SR)   Coul. recip.      Potential    Kinetic En.
    1.68568e+04   -1.78076e+05    6.02449e+02   -1.60617e+05    2.94522e+04
   Total Energy  Conserved En.    Temperature Pressure (bar)
   -1.31165e+05   -1.32776e+05    3.04281e+02   -1.09864e+03

           Step           Time
          22000       44.00000

   Energies (kJ/mol)
        LJ (SR)   Coulomb (SR)   Coul. recip.      Potential    Kinetic En.
    1.70878e+04   -1.78226e+05    5.55820e+02   -1.60583e+05    2.91315e+04
   Total Energy  Conserved En.    Temperature Pressure (bar)
   -1.31451e+05   -1.32776e+05    3.00967e+02   -1.07418e+03

           Step           Time
          23000       46.00000

   Energies (kJ/mol)
        LJ (SR)   Coulomb (SR)   Coul. recip.      Potential    Kinetic En.
    1.73683e+04   -1.78469e+05    5.80369e+02   -1.60521e+05    2.94466e+04
   Total Energy  Conserved En.    Temperature Pressure (bar)
   -1.31074e+05   -1.32774e+05    3.04223e+02   -8.69518e+02

           Step           Time
          24000       48.00000

   Energies (kJ/mol)
        LJ (SR)   Coulomb (SR)   Coul. recip.      Potential    Kinetic En.
    1.63652e+04   -1.77352e+05    6.09030e+02   -1.60377e+05    2.91132e+04
   Total Energy  Conserved En.    Temperature Pressure (bar)
   -1.31264e+05   -1.32768e+05    3.00779e+02   -1.27929e+03

           Step           Time
          25000       50.00000

   Energies (kJ/mol)
        LJ (SR)   Coulomb (SR)   Coul. recip.      Potential    Kinetic En.
    1.67740e+04   -1.77865e+05    5.79375e+02   -1.60511e+05    2.87691e+04
   Total Energy  Conserved En.    Temperature Pressure (bar)
   -1.31742e+05   -1.32773e+05    2.97223e+02   -1.15848e+03

           Step           Time
          26000       52.00000

   Energies (kJ/mol)
        LJ (SR)   Coulomb (SR)   Coul. recip.      Potential    Kinetic En.
    1.67482e+04   -1.78056e+05    5.74491e+02   -1.60733e+05    2.91788e+04
   Total Energy  Conserved En.    Temperature Pressure (bar)
   -1.31554e+05   -1.32770e+05    3.01456e+02   -1.25921e+03

           Step           Time
          27000       54.00000

   Energies (kJ/mol)
        LJ (SR)   Coulomb (SR)   Coul. recip.      Potential    Kinetic En.
    1.69641e+04   -1.78224e+05    5.81868e+02   -1.60678e+05    2.91575e+04
   Total Energy  Conserved En.    Temperature Pressure (bar)
   -1.31520e+05   -1.32765e+05    3.01236e+02   -1.09288e+03

           Step           Time
          28000       56.00000

   Energies (kJ/mol)
        LJ (SR)   Coulomb (SR)   Coul. recip.      Potential    Kinetic En.
    1.74138e+04   -1.79324e+05    5.54979e+02   -1.61355e+05    2.86472e+04
   Total Energy  Conserved En.    Temperature Pressure (bar)
   -1.32708e+05   -1.32763e+05    2.95964e+02   -1.01095e+03

           Step           Time
          29000       58.00000

   Energies (kJ/mol)
        LJ (SR)   Coulomb (SR)   Coul. recip.      Potential    Kinetic En.
    1.68545e+04   -1.78810e+05    5.57968e+02   -1.61398e+05    2.91181e+04
   Total Energy  Conserved En.    Temperature Pressure (bar)
   -1.32280e+05   -1.32762e+05    3.00829e+02   -1.24515e+03

           Step           Time
          30000       60.00000

   Energies (kJ/mol)
        LJ (SR)   Coulomb (SR)   Coul. recip.      Potential    Kinetic En.
    1.71560e+04   -1.79200e+05    5.70714e+02   -1.61474e+05    2.91474e+04
   Total Energy  Conserved En.    Temperature Pressure (bar)
   -1.32326e+05   -1.32762e+05    3.01132e+02   -1.19119e+03

           Step           Time
          31000       62.00000

   Energies (kJ/mol)
        LJ (SR)   Coulomb (SR)   Coul. recip.      Potential    Kinetic En.
    1.79182e+04   -1.79494e+05    5.67451e+02   -1.61008e+05    2.91051e+04
   Total Energy  Conserved En.    Temperature Pressure (bar)
   -1.31903e+05   -1.32752e+05    3.00695e+02   -7.00806e+02

           Step           Time
          32000       64.00000

   Energies (kJ/mol)
        LJ (SR)   Coulomb (SR)   Coul. recip.      Potential    Kinetic En.
    1.74344e+04   -1.79090e+05    5.40083e+02   -1.61116e+05    2.89825e+04
   Total Energy  Conserved En.    Temperature Pressure (bar)
   -1.32133e+05   -1.32758e+05    2.99428e+02   -9.14234e+02

           Step           Time
          33000       66.00000

   Energies (kJ/mol)
        LJ (SR)   Coulomb (SR)   Coul. recip.      Potential    Kinetic En.
    1.77661e+04   -1.79779e+05    5.53396e+02   -1.61460e+05    2.90792e+04
   Total Energy  Conserved En.    Temperature Pressure (bar)
   -1.32380e+05   -1.32755e+05    3.00427e+02   -8.29908e+02

           Step           Time
          34000       68.00000

   Energies (kJ/mol)
        LJ (SR)   Coulomb (SR)   Coul. recip.      Potential    Kinetic En.
    1.67591e+04   -1.78696e+05    5.58860e+02   -1.61379e+05    2.93827e+04
   Total Energy  Conserved En.    Temperature Pressure (bar)
   -1.31996e+05   -1.32758e+05    3.03563e+02   -1.25795e+03

           Step           Time
          35000       70.00000

   Energies (kJ/mol)
        LJ (SR)   Coulomb (SR)   Coul. recip.      Potential    Kinetic En.
    1.67022e+04   -1.78024e+05    5.56602e+02   -1.60765e+05    2.88169e+04
   Total Energy  Conserved En.    Temperature Pressure (bar)
   -1.31949e+05   -1.32753e+05    2.97718e+02   -1.22352e+03

           Step           Time
          36000       72.00000

   Energies (kJ/mol)
        LJ (SR)   Coulomb (SR)   Coul. recip.      Potential    Kinetic En.
    1.61644e+04   -1.77646e+05    6.08502e+02   -1.60873e+05    2.87018e+04
   Total Energy  Conserved En.    Temperature Pressure (bar)
   -1.32172e+05   -1.32746e+05    2.96528e+02   -1.58361e+03

           Step           Time
          37000       74.00000

   Energies (kJ/mol)
        LJ (SR)   Coulomb (SR)   Coul. recip.      Potential    Kinetic En.
    1.73994e+04   -1.79087e+05    5.78886e+02   -1.61109e+05    2.88550e+04
   Total Energy  Conserved En.    Temperature Pressure (bar)
   -1.32254e+05   -1.32748e+05    2.98111e+02   -9.77264e+02

           Step           Time
          38000       76.00000

   Energies (kJ/mol)
        LJ (SR)   Coulomb (SR)   Coul. recip.      Potential    Kinetic En.
    1.66897e+04   -1.78389e+05    5.76535e+02   -1.61123e+05    2.92576e+04
   Total Energy  Conserved En.    Temperature Pressure (bar)
   -1.31865e+05   -1.32749e+05    3.02270e+02   -1.26383e+03

           Step           Time
          39000       78.00000

   Energies (kJ/mol)
        LJ (SR)   Coulomb (SR)   Coul. recip.      Potential    Kinetic En.
    1.67370e+04   -1.78069e+05    5.55183e+02   -1.60777e+05    2.95062e+04
   Total Energy  Conserved En.    Temperature Pressure (bar)
   -1.31271e+05   -1.32744e+05    3.04839e+02   -1.23668e+03

           Step           Time
          40000       80.00000

   Energies (kJ/mol)
        LJ (SR)   Coulomb (SR)   Coul. recip.      Potential    Kinetic En.
    1.74794e+04   -1.79007e+05    5.71482e+02   -1.60956e+05    2.96366e+04
   Total Energy  Conserved En.    Temperature Pressure (bar)
   -1.31320e+05   -1.32742e+05    3.06186e+02   -8.11122e+02

           Step           Time
          41000       82.00000

   Energies (kJ/mol)
        LJ (SR)   Coulomb (SR)   Coul. recip.      Potential    Kinetic En.
    1.64029e+04   -1.77201e+05    5.72419e+02   -1.60225e+05    2.90390e+04
   Total Energy  Conserved En.    Temperature Pressure (bar)
   -1.31186e+05   -1.32741e+05    3.00012e+02   -1.33452e+03

           Step           Time
          42000       84.00000

   Energies (kJ/mol)
        LJ (SR)   Coulomb (SR)   Coul. recip.      Potential    Kinetic En.
    1.75085e+04   -1.78770e+05    5.86007e+02   -1.60676e+05    2.93167e+04
   Total Energy  Conserved En.    Temperature Pressure (bar)
   -1.31359e+05   -1.32741e+05    3.02881e+02   -8.89723e+02

           Step           Time
          43000       86.00000

   Energies (kJ/mol)
        LJ (SR)   Coulomb (SR)   Coul. recip.      Potential    Kinetic En.
    1.69352e+04   -1.78903e+05    5.94559e+02   -1.61373e+05    2.95563e+04
   Total Energy  Conserved En.    Temperature Pressure (bar)
   -1.31817e+05   -1.32739e+05    3.05356e+02   -1.22693e+03

           Step           Time
          44000       88.00000

   Energies (kJ/mol)
        LJ (SR)   Coulomb (SR)   Coul. recip.      Potential    Kinetic En.
    1.68740e+04   -1.78593e+05    5.59965e+02   -1.61159e+05    2.94863e+04
   Total Energy  Conserved En.    Temperature Pressure (bar)
   -1.31673e+05   -1.32733e+05    3.04633e+02   -1.17786e+03

           Step           Time
          45000       90.00000

   Energies (kJ/mol)
        LJ (SR)   Coulomb (SR)   Coul. recip.      Potential    Kinetic En.
    1.75831e+04   -1.79239e+05    5.79740e+02   -1.61076e+05    2.91008e+04
   Total Energy  Conserved En.    Temperature Pressure (bar)
   -1.31975e+05   -1.32728e+05    3.00651e+02   -8.37763e+02

           Step           Time
          46000       92.00000

   Energies (kJ/mol)
        LJ (SR)   Coulomb (SR)   Coul. recip.      Potential    Kinetic En.
    1.64543e+04   -1.78207e+05    5.71242e+02   -1.61182e+05    2.89304e+04
   Total Energy  Conserved En.    Temperature Pressure (bar)
   -1.32251e+05   -1.32728e+05    2.98890e+02   -1.51404e+03

           Step           Time
          47000       94.00000

   Energies (kJ/mol)
        LJ (SR)   Coulomb (SR)   Coul. recip.      Potential    Kinetic En.
    1.63613e+04   -1.78029e+05    5.37742e+02   -1.61130e+05    2.89077e+04
   Total Energy  Conserved En.    Temperature Pressure (bar)
   -1.32223e+05   -1.32726e+05    2.98655e+02   -1.46360e+03

           Step           Time
          48000       96.00000

   Energies (kJ/mol)
        LJ (SR)   Coulomb (SR)   Coul. recip.      Potential    Kinetic En.
    1.66665e+04   -1.78498e+05    5.96867e+02   -1.61234e+05    2.88282e+04
   Total Energy  Conserved En.    Temperature Pressure (bar)
   -1.32406e+05   -1.32722e+05    2.97834e+02   -1.37699e+03

Writing checkpoint, step 48160 at Thu Sep 26 19:07:38 2024


           Step           Time
          49000       98.00000

   Energies (kJ/mol)
        LJ (SR)   Coulomb (SR)   Coul. recip.      Potential    Kinetic En.
    1.74909e+04   -1.79423e+05    5.50249e+02   -1.61382e+05    2.92176e+04
   Total Energy  Conserved En.    Temperature Pressure (bar)
   -1.32164e+05   -1.32717e+05    3.01857e+02   -9.78540e+02

           Step           Time
          50000      100.00000

   Energies (kJ/mol)
        LJ (SR)   Coulomb (SR)   Coul. recip.      Potential    Kinetic En.
    1.67114e+04   -1.78635e+05    5.47392e+02   -1.61376e+05    2.91141e+04
   Total Energy  Conserved En.    Temperature Pressure (bar)
   -1.32262e+05   -1.32722e+05    3.00788e+02   -1.39250e+03

           Step           Time
          51000      102.00000

   Energies (kJ/mol)
        LJ (SR)   Coulomb (SR)   Coul. recip.      Potential    Kinetic En.
    1.71469e+04   -1.78916e+05    5.46623e+02   -1.61223e+05    2.92009e+04
   Total Energy  Conserved En.    Temperature Pressure (bar)
   -1.32022e+05   -1.32717e+05    3.01684e+02   -1.12264e+03

           Step           Time
          52000      104.00000

   Energies (kJ/mol)
        LJ (SR)   Coulomb (SR)   Coul. recip.      Potential    Kinetic En.
    1.76292e+04   -1.79822e+05    5.88342e+02   -1.61605e+05    2.90987e+04
   Total Energy  Conserved En.    Temperature Pressure (bar)
   -1.32506e+05   -1.32714e+05    3.00629e+02   -9.55390e+02

           Step           Time
          53000      106.00000

   Energies (kJ/mol)
        LJ (SR)   Coulomb (SR)   Coul. recip.      Potential    Kinetic En.
    1.68805e+04   -1.78824e+05    5.21540e+02   -1.61422e+05    2.89212e+04
   Total Energy  Conserved En.    Temperature Pressure (bar)
   -1.32500e+05   -1.32713e+05    2.98795e+02   -1.31205e+03

           Step           Time
          54000      108.00000

   Energies (kJ/mol)
        LJ (SR)   Coulomb (SR)   Coul. recip.      Potential    Kinetic En.
    1.71685e+04   -1.79343e+05    5.42039e+02   -1.61633e+05    2.87291e+04
   Total Energy  Conserved En.    Temperature Pressure (bar)
   -1.32904e+05   -1.32709e+05    2.96810e+02   -1.16368e+03

           Step           Time
          55000      110.00000

   Energies (kJ/mol)
        LJ (SR)   Coulomb (SR)   Coul. recip.      Potential    Kinetic En.
    1.75869e+04   -1.79355e+05    5.54005e+02   -1.61214e+05    2.88762e+04
   Total Energy  Conserved En.    Temperature Pressure (bar)
   -1.32338e+05   -1.32703e+05    2.98330e+02   -9.15952e+02

           Step           Time
          56000      112.00000

   Energies (kJ/mol)
        LJ (SR)   Coulomb (SR)   Coul. recip.      Potential    Kinetic En.
    1.64937e+04   -1.77876e+05    5.78034e+02   -1.60804e+05    2.88612e+04
   Total Energy  Conserved En.    Temperature Pressure (bar)
   -1.31943e+05   -1.32704e+05    2.98175e+02   -1.32638e+03

           Step           Time
          57000      114.00000

   Energies (kJ/mol)
        LJ (SR)   Coulomb (SR)   Coul. recip.      Potential    Kinetic En.
    1.67950e+04   -1.78924e+05    6.00029e+02   -1.61529e+05    2.92182e+04
   Total Energy  Conserved En.    Temperature Pressure (bar)
   -1.32311e+05   -1.32711e+05    3.01863e+02   -1.31112e+03

           Step           Time
          58000      116.00000

   Energies (kJ/mol)
        LJ (SR)   Coulomb (SR)   Coul. recip.      Potential    Kinetic En.
    1.64736e+04   -1.78491e+05    6.11747e+02   -1.61405e+05    2.87474e+04
   Total Energy  Conserved En.    Temperature Pressure (bar)
   -1.32658e+05   -1.32701e+05    2.97000e+02   -1.44253e+03

           Step           Time
          59000      118.00000

   Energies (kJ/mol)
        LJ (SR)   Coulomb (SR)   Coul. recip.      Potential    Kinetic En.
    1.71829e+04   -1.79157e+05    5.83413e+02   -1.61390e+05    2.92857e+04
   Total Energy  Conserved En.    Temperature Pressure (bar)
   -1.32105e+05   -1.32700e+05    3.02561e+02   -1.07837e+03

           Step           Time
          60000      120.00000

   Energies (kJ/mol)
        LJ (SR)   Coulomb (SR)   Coul. recip.      Potential    Kinetic En.
    1.71736e+04   -1.78941e+05    6.23321e+02   -1.61144e+05    2.90005e+04
   Total Energy  Conserved En.    Temperature Pressure (bar)
   -1.32143e+05   -1.32697e+05    2.99615e+02   -1.09084e+03

           Step           Time
          61000      122.00000

   Energies (kJ/mol)
        LJ (SR)   Coulomb (SR)   Coul. recip.      Potential    Kinetic En.
    1.75391e+04   -1.80155e+05    5.57496e+02   -1.62059e+05    2.90135e+04
   Total Energy  Conserved En.    Temperature Pressure (bar)
   -1.33045e+05   -1.32697e+05    2.99749e+02   -1.06952e+03

           Step           Time
          62000      124.00000

   Energies (kJ/mol)
        LJ (SR)   Coulomb (SR)   Coul. recip.      Potential    Kinetic En.
    1.71927e+04   -1.78727e+05    5.63363e+02   -1.60971e+05    2.86885e+04
   Total Energy  Conserved En.    Temperature Pressure (bar)
   -1.32282e+05   -1.32699e+05    2.96391e+02   -1.02978e+03

           Step           Time
          63000      126.00000

   Energies (kJ/mol)
        LJ (SR)   Coulomb (SR)   Coul. recip.      Potential    Kinetic En.
    1.67231e+04   -1.78500e+05    5.67544e+02   -1.61209e+05    2.93270e+04
   Total Energy  Conserved En.    Temperature Pressure (bar)
   -1.31882e+05   -1.32695e+05    3.02988e+02   -1.30011e+03

           Step           Time
          64000      128.00000

   Energies (kJ/mol)
        LJ (SR)   Coulomb (SR)   Coul. recip.      Potential    Kinetic En.
    1.63794e+04   -1.77653e+05    5.97761e+02   -1.60676e+05    2.90571e+04
   Total Energy  Conserved En.    Temperature Pressure (bar)
   -1.31619e+05   -1.32692e+05    3.00199e+02   -1.42047e+03

           Step           Time
          65000      130.00000

   Energies (kJ/mol)
        LJ (SR)   Coulomb (SR)   Coul. recip.      Potential    Kinetic En.
    1.68138e+04   -1.78377e+05    5.51896e+02   -1.61012e+05    2.90893e+04
   Total Energy  Conserved En.    Temperature Pressure (bar)
   -1.31922e+05   -1.32684e+05    3.00532e+02   -1.21190e+03

           Step           Time
          66000      132.00000

   Energies (kJ/mol)
        LJ (SR)   Coulomb (SR)   Coul. recip.      Potential    Kinetic En.
    1.68384e+04   -1.78402e+05    5.61126e+02   -1.61002e+05    2.93530e+04
   Total Energy  Conserved En.    Temperature Pressure (bar)
   -1.31649e+05   -1.32690e+05    3.03256e+02   -1.21350e+03

           Step           Time
          67000      134.00000

   Energies (kJ/mol)
        LJ (SR)   Coulomb (SR)   Coul. recip.      Potential    Kinetic En.
    1.70543e+04   -1.78743e+05    5.79844e+02   -1.61109e+05    2.89360e+04
   Total Energy  Conserved En.    Temperature Pressure (bar)
   -1.32173e+05   -1.32682e+05    2.98948e+02   -1.12805e+03

           Step           Time
          68000      136.00000

   Energies (kJ/mol)
        LJ (SR)   Coulomb (SR)   Coul. recip.      Potential    Kinetic En.
    1.74803e+04   -1.79559e+05    5.84405e+02   -1.61494e+05    2.88912e+04
   Total Energy  Conserved En.    Temperature Pressure (bar)
   -1.32603e+05   -1.32684e+05    2.98485e+02   -9.74756e+02

           Step           Time
          69000      138.00000

   Energies (kJ/mol)
        LJ (SR)   Coulomb (SR)   Coul. recip.      Potential    Kinetic En.
    1.70996e+04   -1.78656e+05    5.57077e+02   -1.60999e+05    2.89722e+04
   Total Energy  Conserved En.    Temperature Pressure (bar)
   -1.32027e+05   -1.32685e+05    2.99322e+02   -1.08048e+03

           Step           Time
          70000      140.00000

   Energies (kJ/mol)
        LJ (SR)   Coulomb (SR)   Coul. recip.      Potential    Kinetic En.
    1.70911e+04   -1.78758e+05    5.81198e+02   -1.61085e+05    2.91745e+04
   Total Energy  Conserved En.    Temperature Pressure (bar)
   -1.31911e+05   -1.32677e+05    3.01412e+02   -1.08672e+03

           Step           Time
          71000      142.00000

   Energies (kJ/mol)
        LJ (SR)   Coulomb (SR)   Coul. recip.      Potential    Kinetic En.
    1.71158e+04   -1.79055e+05    5.75794e+02   -1.61363e+05    2.89600e+04
   Total Energy  Conserved En.    Temperature Pressure (bar)
   -1.32403e+05   -1.32676e+05    2.99196e+02   -1.15848e+03

           Step           Time
          72000      144.00000

   Energies (kJ/mol)
        LJ (SR)   Coulomb (SR)   Coul. recip.      Potential    Kinetic En.
    1.72601e+04   -1.79457e+05    5.65934e+02   -1.61631e+05    2.88170e+04
   Total Energy  Conserved En.    Temperature Pressure (bar)
   -1.32814e+05   -1.32670e+05    2.97719e+02   -1.15932e+03

           Step           Time
          73000      146.00000

   Energies (kJ/mol)
        LJ (SR)   Coulomb (SR)   Coul. recip.      Potential    Kinetic En.
    1.71686e+04   -1.79492e+05    5.43843e+02   -1.61779e+05    2.90199e+04
   Total Energy  Conserved En.    Temperature Pressure (bar)
   -1.32759e+05   -1.32672e+05    2.99815e+02   -1.16079e+03

           Step           Time
          74000      148.00000

   Energies (kJ/mol)
        LJ (SR)   Coulomb (SR)   Coul. recip.      Potential    Kinetic En.
    1.65179e+04   -1.78494e+05    5.41291e+02   -1.61435e+05    2.90012e+04
   Total Energy  Conserved En.    Temperature Pressure (bar)
   -1.32434e+05   -1.32667e+05    2.99622e+02   -1.48837e+03

           Step           Time
          75000      150.00000

   Energies (kJ/mol)
        LJ (SR)   Coulomb (SR)   Coul. recip.      Potential    Kinetic En.
    1.67210e+04   -1.78827e+05    5.87461e+02   -1.61518e+05    2.83905e+04
   Total Energy  Conserved En.    Temperature Pressure (bar)
   -1.33128e+05   -1.32671e+05    2.93312e+02   -1.37822e+03

           Step           Time
          76000      152.00000

   Energies (kJ/mol)
        LJ (SR)   Coulomb (SR)   Coul. recip.      Potential    Kinetic En.
    1.62982e+04   -1.78170e+05    5.84929e+02   -1.61287e+05    2.89023e+04
   Total Energy  Conserved En.    Temperature Pressure (bar)
   -1.32384e+05   -1.32665e+05    2.98600e+02   -1.51686e+03

           Step           Time
          77000      154.00000

   Energies (kJ/mol)
        LJ (SR)   Coulomb (SR)   Coul. recip.      Potential    Kinetic En.
    1.73721e+04   -1.79403e+05    5.69606e+02   -1.61462e+05    2.91347e+04
   Total Energy  Conserved En.    Temperature Pressure (bar)
   -1.32327e+05   -1.32664e+05    3.01001e+02   -1.02271e+03

           Step           Time
          78000      156.00000

   Energies (kJ/mol)
        LJ (SR)   Coulomb (SR)   Coul. recip.      Potential    Kinetic En.
    1.69698e+04   -1.78770e+05    5.98596e+02   -1.61202e+05    2.92907e+04
   Total Energy  Conserved En.    Temperature Pressure (bar)
   -1.31911e+05   -1.32661e+05    3.02612e+02   -1.09740e+03

           Step           Time
          79000      158.00000

   Energies (kJ/mol)
        LJ (SR)   Coulomb (SR)   Coul. recip.      Potential    Kinetic En.
    1.67958e+04   -1.78172e+05    5.56648e+02   -1.60820e+05    2.91979e+04
   Total Energy  Conserved En.    Temperature Pressure (bar)
   -1.31622e+05   -1.32662e+05    3.01653e+02   -1.21571e+03

           Step           Time
          80000      160.00000

   Energies (kJ/mol)
        LJ (SR)   Coulomb (SR)   Coul. recip.      Potential    Kinetic En.
    1.74694e+04   -1.78790e+05    5.44960e+02   -1.60776e+05    2.94362e+04
   Total Energy  Conserved En.    Temperature Pressure (bar)
   -1.31339e+05   -1.32663e+05    3.04116e+02   -8.10193e+02

           Step           Time
          81000      162.00000

   Energies (kJ/mol)
        LJ (SR)   Coulomb (SR)   Coul. recip.      Potential    Kinetic En.
    1.63546e+04   -1.77267e+05    5.87075e+02   -1.60325e+05    2.91395e+04
   Total Energy  Conserved En.    Temperature Pressure (bar)
   -1.31186e+05   -1.32664e+05    3.01050e+02   -1.39204e+03

           Step           Time
          82000      164.00000

   Energies (kJ/mol)
        LJ (SR)   Coulomb (SR)   Coul. recip.      Potential    Kinetic En.
    1.67938e+04   -1.78511e+05    5.54438e+02   -1.61163e+05    2.94690e+04
   Total Energy  Conserved En.    Temperature Pressure (bar)
   -1.31694e+05   -1.32658e+05    3.04455e+02   -1.21300e+03

           Step           Time
          83000      166.00000

   Energies (kJ/mol)
        LJ (SR)   Coulomb (SR)   Coul. recip.      Potential    Kinetic En.
    1.70477e+04   -1.79138e+05    5.51731e+02   -1.61539e+05    2.89458e+04
   Total Energy  Conserved En.    Temperature Pressure (bar)
   -1.32593e+05   -1.32655e+05    2.99049e+02   -1.21774e+03

           Step           Time
          84000      168.00000

   Energies (kJ/mol)
        LJ (SR)   Coulomb (SR)   Coul. recip.      Potential    Kinetic En.
    1.65651e+04   -1.78516e+05    5.94256e+02   -1.61357e+05    2.86300e+04
   Total Energy  Conserved En.    Temperature Pressure (bar)
   -1.32727e+05   -1.32650e+05    2.95787e+02   -1.44336e+03

           Step           Time
          85000      170.00000

   Energies (kJ/mol)
        LJ (SR)   Coulomb (SR)   Coul. recip.      Potential    Kinetic En.
    1.68969e+04   -1.79194e+05    5.23119e+02   -1.61774e+05    2.89393e+04
   Total Energy  Conserved En.    Temperature Pressure (bar)
   -1.32835e+05   -1.32649e+05    2.98982e+02   -1.31820e+03

           Step           Time
          86000      172.00000

   Energies (kJ/mol)
        LJ (SR)   Coulomb (SR)   Coul. recip.      Potential    Kinetic En.
    1.70187e+04   -1.79194e+05    5.84374e+02   -1.61591e+05    2.95189e+04
   Total Energy  Conserved En.    Temperature Pressure (bar)
   -1.32072e+05   -1.32649e+05    3.04970e+02   -1.22878e+03

           Step           Time
          87000      174.00000

   Energies (kJ/mol)
        LJ (SR)   Coulomb (SR)   Coul. recip.      Potential    Kinetic En.
    1.68205e+04   -1.78706e+05    5.59398e+02   -1.61326e+05    2.92427e+04
   Total Energy  Conserved En.    Temperature Pressure (bar)
   -1.32084e+05   -1.32645e+05    3.02116e+02   -1.26966e+03

           Step           Time
          88000      176.00000

   Energies (kJ/mol)
        LJ (SR)   Coulomb (SR)   Coul. recip.      Potential    Kinetic En.
    1.70112e+04   -1.78888e+05    5.75347e+02   -1.61301e+05    2.89191e+04
   Total Energy  Conserved En.    Temperature Pressure (bar)
   -1.32382e+05   -1.32645e+05    2.98773e+02   -1.18305e+03

           Step           Time
          89000      178.00000

   Energies (kJ/mol)
        LJ (SR)   Coulomb (SR)   Coul. recip.      Potential    Kinetic En.
    1.77609e+04   -1.79570e+05    5.59067e+02   -1.61250e+05    2.88643e+04
   Total Energy  Conserved En.    Temperature Pressure (bar)
   -1.32386e+05   -1.32639e+05    2.98207e+02   -8.25751e+02

           Step           Time
          90000      180.00000

   Energies (kJ/mol)
        LJ (SR)   Coulomb (SR)   Coul. recip.      Potential    Kinetic En.
    1.76316e+04   -1.79865e+05    5.48420e+02   -1.61684e+05    2.90149e+04
   Total Energy  Conserved En.    Temperature Pressure (bar)
   -1.32670e+05   -1.32639e+05    2.99763e+02   -1.01713e+03

           Step           Time
          91000      182.00000

   Energies (kJ/mol)
        LJ (SR)   Coulomb (SR)   Coul. recip.      Potential    Kinetic En.
    1.66486e+04   -1.78615e+05    5.53289e+02   -1.61413e+05    2.87754e+04
   Total Energy  Conserved En.    Temperature Pressure (bar)
   -1.32638e+05   -1.32639e+05    2.97289e+02   -1.37640e+03

           Step           Time
          92000      184.00000

   Energies (kJ/mol)
        LJ (SR)   Coulomb (SR)   Coul. recip.      Potential    Kinetic En.
    1.67608e+04   -1.78465e+05    5.66848e+02   -1.61138e+05    2.89057e+04
   Total Energy  Conserved En.    Temperature Pressure (bar)
   -1.32232e+05   -1.32636e+05    2.98635e+02   -1.34385e+03

           Step           Time
          93000      186.00000

   Energies (kJ/mol)
        LJ (SR)   Coulomb (SR)   Coul. recip.      Potential    Kinetic En.
    1.71019e+04   -1.78327e+05    5.67108e+02   -1.60658e+05    2.86935e+04
   Total Energy  Conserved En.    Temperature Pressure (bar)
   -1.31964e+05   -1.32634e+05    2.96442e+02   -1.01668e+03

           Step           Time
          94000      188.00000

   Energies (kJ/mol)
        LJ (SR)   Coulomb (SR)   Coul. recip.      Potential    Kinetic En.
    1.61106e+04   -1.77733e+05    5.65917e+02   -1.61056e+05    2.91102e+04
   Total Energy  Conserved En.    Temperature Pressure (bar)
   -1.31946e+05   -1.32634e+05    3.00748e+02   -1.58963e+03

           Step           Time
          95000      190.00000

   Energies (kJ/mol)
        LJ (SR)   Coulomb (SR)   Coul. recip.      Potential    Kinetic En.
    1.67453e+04   -1.77672e+05    5.71825e+02   -1.60355e+05    2.88641e+04
   Total Energy  Conserved En.    Temperature Pressure (bar)
   -1.31491e+05   -1.32627e+05    2.98205e+02   -1.14449e+03

           Step           Time
          96000      192.00000

   Energies (kJ/mol)
        LJ (SR)   Coulomb (SR)   Coul. recip.      Potential    Kinetic En.
    1.71893e+04   -1.79032e+05    5.62321e+02   -1.61280e+05    2.89752e+04
   Total Energy  Conserved En.    Temperature Pressure (bar)
   -1.32305e+05   -1.32630e+05    2.99353e+02   -1.07646e+03

Writing checkpoint, step 96160 at Thu Sep 26 19:22:38 2024


           Step           Time
          97000      194.00000

   Energies (kJ/mol)
        LJ (SR)   Coulomb (SR)   Coul. recip.      Potential    Kinetic En.
    1.68461e+04   -1.78532e+05    5.48008e+02   -1.61137e+05    2.88434e+04
   Total Energy  Conserved En.    Temperature Pressure (bar)
   -1.32294e+05   -1.32619e+05    2.97991e+02   -1.26227e+03

           Step           Time
          98000      196.00000

   Energies (kJ/mol)
        LJ (SR)   Coulomb (SR)   Coul. recip.      Potential    Kinetic En.
    1.69904e+04   -1.78343e+05    5.97851e+02   -1.60755e+05    2.94490e+04
   Total Energy  Conserved En.    Temperature Pressure (bar)
   -1.31306e+05   -1.32627e+05    3.04248e+02   -1.15173e+03

           Step           Time
          99000      198.00000

   Energies (kJ/mol)
        LJ (SR)   Coulomb (SR)   Coul. recip.      Potential    Kinetic En.
    1.74857e+04   -1.79097e+05    5.87341e+02   -1.61024e+05    2.95098e+04
   Total Energy  Conserved En.    Temperature Pressure (bar)
   -1.31514e+05   -1.32625e+05    3.04876e+02   -8.93991e+02

           Step           Time
         100000      200.00000

   Energies (kJ/mol)
        LJ (SR)   Coulomb (SR)   Coul. recip.      Potential    Kinetic En.
    1.69155e+04   -1.78133e+05    5.80190e+02   -1.60638e+05    2.91810e+04
   Total Energy  Conserved En.    Temperature Pressure (bar)
   -1.31457e+05   -1.32622e+05    3.01479e+02   -1.16397e+03

           Step           Time
         101000      202.00000

   Energies (kJ/mol)
        LJ (SR)   Coulomb (SR)   Coul. recip.      Potential    Kinetic En.
    1.68857e+04   -1.77372e+05    5.69323e+02   -1.59917e+05    2.89504e+04
   Total Energy  Conserved En.    Temperature Pressure (bar)
   -1.30966e+05   -1.32613e+05    2.99096e+02   -1.04560e+03

           Step           Time
         102000      204.00000

   Energies (kJ/mol)
        LJ (SR)   Coulomb (SR)   Coul. recip.      Potential    Kinetic En.
    1.65605e+04   -1.77914e+05    5.68452e+02   -1.60785e+05    2.92914e+04
   Total Energy  Conserved En.    Temperature Pressure (bar)
   -1.31494e+05   -1.32615e+05    3.02620e+02   -1.28290e+03

           Step           Time
         103000      206.00000

   Energies (kJ/mol)
        LJ (SR)   Coulomb (SR)   Coul. recip.      Potential    Kinetic En.
    1.75498e+04   -1.79546e+05    5.48687e+02   -1.61448e+05    2.97147e+04
   Total Energy  Conserved En.    Temperature Pressure (bar)
   -1.31733e+05   -1.32616e+05    3.06993e+02   -9.48701e+02

           Step           Time
         104000      208.00000

   Energies (kJ/mol)
        LJ (SR)   Coulomb (SR)   Coul. recip.      Potential    Kinetic En.
    1.72935e+04   -1.78913e+05    5.57463e+02   -1.61062e+05    2.90408e+04
   Total Energy  Conserved En.    Temperature Pressure (bar)
   -1.32022e+05   -1.32612e+05    3.00031e+02   -1.05484e+03

           Step           Time
         105000      210.00000

   Energies (kJ/mol)
        LJ (SR)   Coulomb (SR)   Coul. recip.      Potential    Kinetic En.
    1.76267e+04   -1.79892e+05    5.84439e+02   -1.61681e+05    2.92639e+04
   Total Energy  Conserved En.    Temperature Pressure (bar)
   -1.32417e+05   -1.32609e+05    3.02335e+02   -9.72432e+02

           Step           Time
         106000      212.00000

   Energies (kJ/mol)
        LJ (SR)   Coulomb (SR)   Coul. recip.      Potential    Kinetic En.
    1.74591e+04   -1.78931e+05    5.85222e+02   -1.60886e+05    2.87870e+04
   Total Energy  Conserved En.    Temperature Pressure (bar)
   -1.32099e+05   -1.32608e+05    2.97408e+02   -8.44151e+02

           Step           Time
         107000      214.00000

   Energies (kJ/mol)
        LJ (SR)   Coulomb (SR)   Coul. recip.      Potential    Kinetic En.
    1.75089e+04   -1.79526e+05    5.50300e+02   -1.61467e+05    2.89546e+04
   Total Energy  Conserved En.    Temperature Pressure (bar)
   -1.32513e+05   -1.32604e+05    2.99140e+02   -9.33484e+02

           Step           Time
         108000      216.00000

   Energies (kJ/mol)
        LJ (SR)   Coulomb (SR)   Coul. recip.      Potential    Kinetic En.
    1.73081e+04   -1.78714e+05    5.44827e+02   -1.60861e+05    2.90357e+04
   Total Energy  Conserved En.    Temperature Pressure (bar)
   -1.31825e+05   -1.32599e+05    2.99977e+02   -9.00417e+02

           Step           Time
         109000      218.00000

   Energies (kJ/mol)
        LJ (SR)   Coulomb (SR)   Coul. recip.      Potential    Kinetic En.
    1.68598e+04   -1.78686e+05    5.85296e+02   -1.61241e+05    2.95678e+04
   Total Energy  Conserved En.    Temperature Pressure (bar)
   -1.31674e+05   -1.32607e+05    3.05475e+02   -1.26147e+03

           Step           Time
         110000      220.00000

   Energies (kJ/mol)
        LJ (SR)   Coulomb (SR)   Coul. recip.      Potential    Kinetic En.
    1.72064e+04   -1.79004e+05    5.59326e+02   -1.61239e+05    2.89476e+04
   Total Energy  Conserved En.    Temperature Pressure (bar)
   -1.32291e+05   -1.32598e+05    2.99068e+02   -1.06053e+03

           Step           Time
         111000      222.00000

   Energies (kJ/mol)
        LJ (SR)   Coulomb (SR)   Coul. recip.      Potential    Kinetic En.
    1.73694e+04   -1.79205e+05    5.64396e+02   -1.61271e+05    2.95907e+04
   Total Energy  Conserved En.    Temperature Pressure (bar)
   -1.31681e+05   -1.32594e+05    3.05711e+02   -1.01653e+03

           Step           Time
         112000      224.00000

   Energies (kJ/mol)
        LJ (SR)   Coulomb (SR)   Coul. recip.      Potential    Kinetic En.
    1.75448e+04   -1.78822e+05    5.72512e+02   -1.60705e+05    2.93639e+04
   Total Energy  Conserved En.    Temperature Pressure (bar)
   -1.31341e+05   -1.32593e+05    3.03369e+02   -8.62231e+02

           Step           Time
         113000      226.00000

   Energies (kJ/mol)
        LJ (SR)   Coulomb (SR)   Coul. recip.      Potential    Kinetic En.
    1.68115e+04   -1.77976e+05    5.66163e+02   -1.60598e+05    2.92661e+04
   Total Energy  Conserved En.    Temperature Pressure (bar)
   -1.31332e+05   -1.32590e+05    3.02359e+02   -1.10302e+03

           Step           Time
         114000      228.00000

   Energies (kJ/mol)
        LJ (SR)   Coulomb (SR)   Coul. recip.      Potential    Kinetic En.
    1.70072e+04   -1.78827e+05    5.75610e+02   -1.61244e+05    2.92257e+04
   Total Energy  Conserved En.    Temperature Pressure (bar)
   -1.32019e+05   -1.32594e+05    3.01940e+02   -1.13452e+03

           Step           Time
         115000      230.00000

   Energies (kJ/mol)
        LJ (SR)   Coulomb (SR)   Coul. recip.      Potential    Kinetic En.
    1.70154e+04   -1.78707e+05    5.87738e+02   -1.61104e+05    2.92799e+04
   Total Energy  Conserved En.    Temperature Pressure (bar)
   -1.31824e+05   -1.32583e+05    3.02501e+02   -1.14239e+03

           Step           Time
         116000      232.00000

   Energies (kJ/mol)
        LJ (SR)   Coulomb (SR)   Coul. recip.      Potential    Kinetic En.
    1.75336e+04   -1.79095e+05    5.89974e+02   -1.60972e+05    2.90184e+04
   Total Energy  Conserved En.    Temperature Pressure (bar)
   -1.31953e+05   -1.32581e+05    2.99799e+02   -9.52542e+02

           Step           Time
         117000      234.00000

   Energies (kJ/mol)
        LJ (SR)   Coulomb (SR)   Coul. recip.      Potential    Kinetic En.
    1.64582e+04   -1.78399e+05    5.36721e+02   -1.61404e+05    2.91730e+04
   Total Energy  Conserved En.    Temperature Pressure (bar)
   -1.32231e+05   -1.32582e+05    3.01396e+02   -1.41991e+03

           Step           Time
         118000      236.00000

   Energies (kJ/mol)
        LJ (SR)   Coulomb (SR)   Coul. recip.      Potential    Kinetic En.
    1.66127e+04   -1.77991e+05    5.77682e+02   -1.60800e+05    2.86890e+04
   Total Energy  Conserved En.    Temperature Pressure (bar)
   -1.32111e+05   -1.32578e+05    2.96396e+02   -1.30428e+03

           Step           Time
         119000      238.00000

   Energies (kJ/mol)
        LJ (SR)   Coulomb (SR)   Coul. recip.      Potential    Kinetic En.
    1.71550e+04   -1.78725e+05    5.61057e+02   -1.61009e+05    2.90318e+04
   Total Energy  Conserved En.    Temperature Pressure (bar)
   -1.31977e+05   -1.32573e+05    2.99937e+02   -1.07904e+03

           Step           Time
         120000      240.00000

   Energies (kJ/mol)
        LJ (SR)   Coulomb (SR)   Coul. recip.      Potential    Kinetic En.
    1.71912e+04   -1.78488e+05    5.78323e+02   -1.60719e+05    2.90784e+04
   Total Energy  Conserved En.    Temperature Pressure (bar)
   -1.31641e+05   -1.32572e+05    3.00419e+02   -9.77442e+02

           Step           Time
         121000      242.00000

   Energies (kJ/mol)
        LJ (SR)   Coulomb (SR)   Coul. recip.      Potential    Kinetic En.
    1.73533e+04   -1.78823e+05    5.63388e+02   -1.60906e+05    2.95761e+04
   Total Energy  Conserved En.    Temperature Pressure (bar)
   -1.31330e+05   -1.32576e+05    3.05560e+02   -9.48982e+02

           Step           Time
         122000      244.00000

   Energies (kJ/mol)
        LJ (SR)   Coulomb (SR)   Coul. recip.      Potential    Kinetic En.
    1.78930e+04   -1.80064e+05    5.44834e+02   -1.61626e+05    2.95512e+04
   Total Energy  Conserved En.    Temperature Pressure (bar)
   -1.32075e+05   -1.32573e+05    3.05304e+02   -7.90971e+02

           Step           Time
         123000      246.00000

   Energies (kJ/mol)
        LJ (SR)   Coulomb (SR)   Coul. recip.      Potential    Kinetic En.
    1.64285e+04   -1.78271e+05    5.80027e+02   -1.61262e+05    2.91413e+04
   Total Energy  Conserved En.    Temperature Pressure (bar)
   -1.32121e+05   -1.32568e+05    3.01068e+02   -1.47651e+03

           Step           Time
         124000      248.00000

   Energies (kJ/mol)
        LJ (SR)   Coulomb (SR)   Coul. recip.      Potential    Kinetic En.
    1.71633e+04   -1.79018e+05    6.05745e+02   -1.61249e+05    2.92224e+04
   Total Energy  Conserved En.    Temperature Pressure (bar)
   -1.32027e+05   -1.32563e+05    3.01906e+02   -1.10149e+03

           Step           Time
         125000      250.00000

   Energies (kJ/mol)
        LJ (SR)   Coulomb (SR)   Coul. recip.      Potential    Kinetic En.
    1.71962e+04   -1.79072e+05    5.52301e+02   -1.61323e+05    2.89055e+04
   Total Energy  Conserved En.    Temperature Pressure (bar)
   -1.32418e+05   -1.32567e+05    2.98633e+02   -1.08885e+03

           Step           Time
         126000      252.00000

   Energies (kJ/mol)
        LJ (SR)   Coulomb (SR)   Coul. recip.      Potential    Kinetic En.
    1.71842e+04   -1.79138e+05    5.05212e+02   -1.61449e+05    2.87444e+04
   Total Energy  Conserved En.    Temperature Pressure (bar)
   -1.32704e+05   -1.32557e+05    2.96969e+02   -1.11586e+03

           Step           Time
         127000      254.00000

   Energies (kJ/mol)
        LJ (SR)   Coulomb (SR)   Coul. recip.      Potential    Kinetic En.
    1.69688e+04   -1.79187e+05    5.84100e+02   -1.61634e+05    2.88651e+04
   Total Energy  Conserved En.    Temperature Pressure (bar)
   -1.32769e+05   -1.32559e+05    2.98215e+02   -1.24565e+03

           Step           Time
         128000      256.00000

   Energies (kJ/mol)
        LJ (SR)   Coulomb (SR)   Coul. recip.      Potential    Kinetic En.
    1.72435e+04   -1.78995e+05    5.51117e+02   -1.61201e+05    2.95110e+04
   Total Energy  Conserved En.    Temperature Pressure (bar)
   -1.31690e+05   -1.32560e+05    3.04888e+02   -1.04689e+03

           Step           Time
         129000      258.00000

   Energies (kJ/mol)
        LJ (SR)   Coulomb (SR)   Coul. recip.      Potential    Kinetic En.
    1.77624e+04   -1.79992e+05    5.61982e+02   -1.61668e+05    2.91898e+04
   Total Energy  Conserved En.    Temperature Pressure (bar)
   -1.32478e+05   -1.32552e+05    3.01570e+02   -8.84307e+02

           Step           Time
         130000      260.00000

   Energies (kJ/mol)
        LJ (SR)   Coulomb (SR)   Coul. recip.      Potential    Kinetic En.
    1.67282e+04   -1.78610e+05    5.53143e+02   -1.61329e+05    2.87376e+04
   Total Energy  Conserved En.    Temperature Pressure (bar)
   -1.32591e+05   -1.32551e+05    2.96898e+02   -1.40067e+03

           Step           Time
         131000      262.00000

   Energies (kJ/mol)
        LJ (SR)   Coulomb (SR)   Coul. recip.      Potential    Kinetic En.
    1.66041e+04   -1.78482e+05    5.48990e+02   -1.61329e+05    2.88160e+04
   Total Energy  Conserved En.    Temperature Pressure (bar)
   -1.32513e+05   -1.32554e+05    2.97708e+02   -1.41526e+03

           Step           Time
         132000      264.00000

   Energies (kJ/mol)
        LJ (SR)   Coulomb (SR)   Coul. recip.      Potential    Kinetic En.
    1.68850e+04   -1.78667e+05    5.57302e+02   -1.61224e+05    2.89939e+04
   Total Energy  Conserved En.    Temperature Pressure (bar)
   -1.32231e+05   -1.32545e+05    2.99546e+02   -1.25012e+03

           Step           Time
         133000      266.00000

   Energies (kJ/mol)
        LJ (SR)   Coulomb (SR)   Coul. recip.      Potential    Kinetic En.
    1.71932e+04   -1.78997e+05    5.41516e+02   -1.61262e+05    2.93956e+04
   Total Energy  Conserved En.    Temperature Pressure (bar)
   -1.31867e+05   -1.32548e+05    3.03696e+02   -1.10177e+03

           Step           Time
         134000      268.00000

   Energies (kJ/mol)
        LJ (SR)   Coulomb (SR)   Coul. recip.      Potential    Kinetic En.
    1.75804e+04   -1.80176e+05    5.80955e+02   -1.62014e+05    2.93536e+04
   Total Energy  Conserved En.    Temperature Pressure (bar)
   -1.32661e+05   -1.32543e+05    3.03262e+02   -1.04518e+03

           Step           Time
         135000      270.00000

   Energies (kJ/mol)
        LJ (SR)   Coulomb (SR)   Coul. recip.      Potential    Kinetic En.
    1.73964e+04   -1.79222e+05    5.67940e+02   -1.61258e+05    2.88194e+04
   Total Energy  Conserved En.    Temperature Pressure (bar)
   -1.32438e+05   -1.32540e+05    2.97743e+02   -9.64537e+02

           Step           Time
         136000      272.00000

   Energies (kJ/mol)
        LJ (SR)   Coulomb (SR)   Coul. recip.      Potential    Kinetic En.
    1.76206e+04   -1.79690e+05    5.37013e+02   -1.61532e+05    2.89298e+04
   Total Energy  Conserved En.    Temperature Pressure (bar)
   -1.32603e+05   -1.32541e+05    2.98884e+02   -9.44822e+02

           Step           Time
         137000      274.00000

   Energies (kJ/mol)
        LJ (SR)   Coulomb (SR)   Coul. recip.      Potential    Kinetic En.
    1.78611e+04   -1.80263e+05    5.63551e+02   -1.61839e+05    2.86026e+04
   Total Energy  Conserved En.    Temperature Pressure (bar)
   -1.33236e+05   -1.32535e+05    2.95504e+02   -8.34404e+02

           Step           Time
         138000      276.00000

   Energies (kJ/mol)
        LJ (SR)   Coulomb (SR)   Coul. recip.      Potential    Kinetic En.
    1.77072e+04   -1.80027e+05    5.52926e+02   -1.61767e+05    2.86319e+04
   Total Energy  Conserved En.    Temperature Pressure (bar)
   -1.33135e+05   -1.32536e+05    2.95806e+02   -9.01968e+02

           Step           Time
         139000      278.00000

   Energies (kJ/mol)
        LJ (SR)   Coulomb (SR)   Coul. recip.      Potential    Kinetic En.
    1.71684e+04   -1.79238e+05    5.97610e+02   -1.61472e+05    2.85602e+04
   Total Energy  Conserved En.    Temperature Pressure (bar)
   -1.32912e+05   -1.32533e+05    2.95065e+02   -1.18663e+03

           Step           Time
         140000      280.00000

   Energies (kJ/mol)
        LJ (SR)   Coulomb (SR)   Coul. recip.      Potential    Kinetic En.
    1.73122e+04   -1.79104e+05    5.59174e+02   -1.61233e+05    2.87301e+04
   Total Energy  Conserved En.    Temperature Pressure (bar)
   -1.32503e+05   -1.32536e+05    2.96821e+02   -1.03707e+03

           Step           Time
         141000      282.00000

   Energies (kJ/mol)
        LJ (SR)   Coulomb (SR)   Coul. recip.      Potential    Kinetic En.
    1.65003e+04   -1.77975e+05    5.76879e+02   -1.60898e+05    2.88903e+04
   Total Energy  Conserved En.    Temperature Pressure (bar)
   -1.32007e+05   -1.32528e+05    2.98475e+02   -1.38974e+03

           Step           Time
         142000      284.00000

   Energies (kJ/mol)
        LJ (SR)   Coulomb (SR)   Coul. recip.      Potential    Kinetic En.
    1.71613e+04   -1.79174e+05    5.80977e+02   -1.61432e+05    2.89348e+04
   Total Energy  Conserved En.    Temperature Pressure (bar)
   -1.32497e+05   -1.32528e+05    2.98935e+02   -1.12770e+03

           Step           Time
         143000      286.00000

   Energies (kJ/mol)
        LJ (SR)   Coulomb (SR)   Coul. recip.      Potential    Kinetic En.
    1.65872e+04   -1.78264e+05    5.41628e+02   -1.61136e+05    2.93385e+04
   Total Energy  Conserved En.    Temperature Pressure (bar)
   -1.31797e+05   -1.32531e+05    3.03106e+02   -1.34827e+03

           Step           Time
         144000      288.00000

   Energies (kJ/mol)
        LJ (SR)   Coulomb (SR)   Coul. recip.      Potential    Kinetic En.
    1.73607e+04   -1.79224e+05    6.02856e+02   -1.61261e+05    2.94839e+04
   Total Energy  Conserved En.    Temperature Pressure (bar)
   -1.31777e+05   -1.32523e+05    3.04608e+02   -1.01804e+03

Writing checkpoint, step 144240 at Thu Sep 26 19:37:38 2024


           Step           Time
         145000      290.00000

   Energies (kJ/mol)
        LJ (SR)   Coulomb (SR)   Coul. recip.      Potential    Kinetic En.
    1.65793e+04   -1.78213e+05    5.27086e+02   -1.61106e+05    2.88426e+04
   Total Energy  Conserved En.    Temperature Pressure (bar)
   -1.32264e+05   -1.32520e+05    2.97982e+02   -1.34678e+03

