                      :-) GROMACS - gmx mdrun, 2023.3 (-:

Copyright 1991-2023 The GROMACS Authors.
GROMACS is free software; you can redistribute it and/or modify it
under the terms of the GNU Lesser General Public License
as published by the Free Software Foundation; either version 2.1
of the License, or (at your option) any later version.

                         Current GROMACS contributors:
       Mark Abraham           Andrey Alekseenko           Cathrine Bergh      
      Christian Blau            Eliane Briand             Mahesh Doijade      
    Stefan Fleischmann           Vytas Gapsys              Gaurav Garg        
      Sergey Gorelov         Gilles Gouaillardet            Alan Gray         
     M. Eric Irrgang         Farzaneh Jalalypour            Joe Jordan        
    Christoph Junghans        Prashanth Kanduri          Sebastian Keller     
     Carsten Kutzner           Justin A. Lemkul          Magnus Lundborg      
       Pascal Merz              Vedran Miletic            Dmitry Morozov      
       Szilard Pall             Roland Schulz             Michael Shirts      
     Alexey Shvetsov            Balint Soproni         David van der Spoel    
      Philip Turner             Carsten Uphoff           Alessandra Villa     
 Sebastian Wingbermuehle        Artem Zhmurov       

                         Previous GROMACS contributors:
        Emile Apol             Rossen Apostolov           James Barnett       
  Herman J.C. Berendsen          Par Bjelkmar           Viacheslav Bolnykh    
        Kevin Boyd            Aldert van Buuren          Carlo Camilloni      
     Rudi van Drunen            Anton Feenstra           Oliver Fleetwood     
     Gerrit Groenhof            Bert de Groot             Anca Hamuraru       
    Vincent Hindriksen          Victor Holanda           Aleksei Iupinov      
   Dimitrios Karkoulis           Peter Kasson             Sebastian Kehl      
        Jiri Kraus               Per Larsson              Viveca Lindahl      
      Erik Marklund           Pieter Meulenhoff           Teemu Murtola       
       Sander Pronk             Alfons Sijbers            Peter Tieleman      
       Jon Vincent             Teemu Virolainen         Christian Wennberg    
       Maarten Wolf       

                  Coordinated by the GROMACS project leaders:
                    Paul Bauer, Berk Hess, and Erik Lindahl

GROMACS:      gmx mdrun, version 2023.3
Executable:   /ext3/apps/gromacs/2023.3/openmpi/intel/bin/gmx_mpi
Data prefix:  /ext3/apps/gromacs/2023.3/openmpi/intel
Working dir:  /scratch/work/courses/CHEM-GA-2671-2024fa/students/ra3194/comp-lab-class-2024/Week4-CharmmGuiSetup/Water Charm Files/gromacs
Process ID:   3910884
Command line:
  gmx_mpi mdrun -v -deffnm step4.1_equilibration

GROMACS version:    2023.3
Precision:          mixed
Memory model:       64 bit
MPI library:        MPI
OpenMP support:     disabled
GPU support:        disabled
SIMD instructions:  AVX2_256
CPU FFT library:    fftw-3.3.8-sse2-avx-avx2-avx2_128
GPU FFT library:    none
Multi-GPU FFT:      none
RDTSCP usage:       enabled
TNG support:        enabled
Hwloc support:      disabled
Tracing support:    disabled
C compiler:         /share/apps/utils/intel/icc Intel 2021.5.0.20211109
C compiler flags:   -mavx2 -mfma -pthread -O3 -DNDEBUG
C++ compiler:       /share/apps/utils/intel/icpc Intel 2021.5.0.20211109
C++ compiler flags: -mavx2 -mfma -pthread -O3 -DNDEBUG
BLAS library:       External - detected on the system
LAPACK library:     External - detected on the system


Running on 1 node with total 10 cores, 10 processing units
Hardware detected on host cs027.hpc.nyu.edu (the node of MPI rank 0):
  CPU info:
    Vendor: Intel
    Brand:  Intel(R) Xeon(R) Platinum 8268 CPU @ 2.90GHz
    Family: 6   Model: 85   Stepping: 7
    Features: aes apic avx avx2 avx512f avx512cd avx512bw avx512vl avx512secondFMA clfsh cmov cx8 cx16 f16c fma htt intel lahf mmx msr nonstop_tsc pcid pclmuldq pdcm pdpe1gb popcnt pse rdrnd rdtscp sse2 sse3 sse4.1 sse4.2 ssse3 tdt x2apic
    Number of AVX-512 FMA units: 2
  Hardware topology: Basic
    Packages, cores, and logical processors:
    [indices refer to OS logical processors]
      Package  0: [  12] [  13] [  14] [  15] [  18] [  19] [  20] [  21] [  22] [  23]
    CPU limit set by OS: -1   Recommended max number of threads: 10

Likely fastest SIMD instructions supported by all nodes: AVX_512
SIMD instructions selected at compile time:              AVX2_256
Merely a note: it is unfortunately hard to know for sure which SIMD
instructons will perform best on this hardware. For non-GPU runs
on Intel CPUs with dual AVX-512 units, using AVX-512 can be good,
while AVX2 is often better for runs also using a GPU. Typically
this is just a few percent, so don't worry unless you are tuning.


++++ PLEASE READ AND CITE THE FOLLOWING REFERENCE ++++
M. J. Abraham, T. Murtola, R. Schulz, S. Páll, J. C. Smith, B. Hess, E.
Lindahl
GROMACS: High performance molecular simulations through multi-level
parallelism from laptops to supercomputers
SoftwareX 1 (2015) pp. 19-25
-------- -------- --- Thank You --- -------- --------


++++ PLEASE READ AND CITE THE FOLLOWING REFERENCE ++++
S. Páll, M. J. Abraham, C. Kutzner, B. Hess, E. Lindahl
Tackling Exascale Software Challenges in Molecular Dynamics Simulations with
GROMACS
In S. Markidis & E. Laure (Eds.), Solving Software Challenges for Exascale 8759 (2015) pp. 3-27
-------- -------- --- Thank You --- -------- --------


++++ PLEASE READ AND CITE THE FOLLOWING REFERENCE ++++
S. Pronk, S. Páll, R. Schulz, P. Larsson, P. Bjelkmar, R. Apostolov, M. R.
Shirts, J. C. Smith, P. M. Kasson, D. van der Spoel, B. Hess, and E. Lindahl
GROMACS 4.5: a high-throughput and highly parallel open source molecular
simulation toolkit
Bioinformatics 29 (2013) pp. 845-54
-------- -------- --- Thank You --- -------- --------


++++ PLEASE READ AND CITE THE FOLLOWING REFERENCE ++++
B. Hess and C. Kutzner and D. van der Spoel and E. Lindahl
GROMACS 4: Algorithms for highly efficient, load-balanced, and scalable
molecular simulation
J. Chem. Theory Comput. 4 (2008) pp. 435-447
-------- -------- --- Thank You --- -------- --------


++++ PLEASE READ AND CITE THE FOLLOWING REFERENCE ++++
D. van der Spoel, E. Lindahl, B. Hess, G. Groenhof, A. E. Mark and H. J. C.
Berendsen
GROMACS: Fast, Flexible and Free
J. Comp. Chem. 26 (2005) pp. 1701-1719
-------- -------- --- Thank You --- -------- --------


++++ PLEASE READ AND CITE THE FOLLOWING REFERENCE ++++
E. Lindahl and B. Hess and D. van der Spoel
GROMACS 3.0: A package for molecular simulation and trajectory analysis
J. Mol. Mod. 7 (2001) pp. 306-317
-------- -------- --- Thank You --- -------- --------


++++ PLEASE READ AND CITE THE FOLLOWING REFERENCE ++++
H. J. C. Berendsen, D. van der Spoel and R. van Drunen
GROMACS: A message-passing parallel molecular dynamics implementation
Comp. Phys. Comm. 91 (1995) pp. 43-56
-------- -------- --- Thank You --- -------- --------


++++ PLEASE CITE THE DOI FOR THIS VERSION OF GROMACS ++++
https://doi.org/10.5281/zenodo.10017686
-------- -------- --- Thank You --- -------- --------

Input Parameters:
   integrator                     = md
   tinit                          = 0
   dt                             = 0.001
   nsteps                         = 125000
   init-step                      = 0
   simulation-part                = 1
   mts                            = false
   comm-mode                      = Linear
   nstcomm                        = 100
   bd-fric                        = 0
   ld-seed                        = -272629891
   emtol                          = 10
   emstep                         = 0.01
   niter                          = 20
   fcstep                         = 0
   nstcgsteep                     = 1000
   nbfgscorr                      = 10
   rtpi                           = 0.05
   nstxout                        = 0
   nstvout                        = 0
   nstfout                        = 0
   nstlog                         = 1000
   nstcalcenergy                  = 100
   nstenergy                      = 1000
   nstxout-compressed             = 5000
   compressed-x-precision         = 1000
   cutoff-scheme                  = Verlet
   nstlist                        = 20
   pbc                            = xyz
   periodic-molecules             = false
   verlet-buffer-tolerance        = 0.005
   rlist                          = 1.2
   coulombtype                    = PME
   coulomb-modifier               = Potential-shift
   rcoulomb-switch                = 0
   rcoulomb                       = 1.2
   epsilon-r                      = 1
   epsilon-rf                     = inf
   vdw-type                       = Cut-off
   vdw-modifier                   = Force-switch
   rvdw-switch                    = 1
   rvdw                           = 1.2
   DispCorr                       = No
   table-extension                = 1
   fourierspacing                 = 0.12
   fourier-nx                     = 42
   fourier-ny                     = 42
   fourier-nz                     = 42
   pme-order                      = 4
   ewald-rtol                     = 1e-05
   ewald-rtol-lj                  = 0.001
   lj-pme-comb-rule               = Geometric
   ewald-geometry                 = 3d
   epsilon-surface                = 0
   ensemble-temperature-setting   = constant
   ensemble-temperature           = 300
   tcoupl                         = V-rescale
   nsttcouple                     = 100
   nh-chain-length                = 0
   print-nose-hoover-chain-variables = false
   pcoupl                         = No
   pcoupltype                     = Isotropic
   nstpcouple                     = -1
   tau-p                          = 1
   compressibility (3x3):
      compressibility[    0]={ 0.00000e+00,  0.00000e+00,  0.00000e+00}
      compressibility[    1]={ 0.00000e+00,  0.00000e+00,  0.00000e+00}
      compressibility[    2]={ 0.00000e+00,  0.00000e+00,  0.00000e+00}
   ref-p (3x3):
      ref-p[    0]={ 0.00000e+00,  0.00000e+00,  0.00000e+00}
      ref-p[    1]={ 0.00000e+00,  0.00000e+00,  0.00000e+00}
      ref-p[    2]={ 0.00000e+00,  0.00000e+00,  0.00000e+00}
   refcoord-scaling               = No
   posres-com (3):
      posres-com[0]= 0.00000e+00
      posres-com[1]= 0.00000e+00
      posres-com[2]= 0.00000e+00
   posres-comB (3):
      posres-comB[0]= 0.00000e+00
      posres-comB[1]= 0.00000e+00
      posres-comB[2]= 0.00000e+00
   QMMM                           = false
qm-opts:
   ngQM                           = 0
   constraint-algorithm           = Lincs
   continuation                   = false
   Shake-SOR                      = false
   shake-tol                      = 0.0001
   lincs-order                    = 4
   lincs-iter                     = 1
   lincs-warnangle                = 30
   nwall                          = 0
   wall-type                      = 9-3
   wall-r-linpot                  = -1
   wall-atomtype[0]               = -1
   wall-atomtype[1]               = -1
   wall-density[0]                = 0
   wall-density[1]                = 0
   wall-ewald-zfac                = 3
   pull                           = false
   awh                            = false
   rotation                       = false
   interactiveMD                  = false
   disre                          = No
   disre-weighting                = Conservative
   disre-mixed                    = false
   dr-fc                          = 1000
   dr-tau                         = 0
   nstdisreout                    = 100
   orire-fc                       = 0
   orire-tau                      = 0
   nstorireout                    = 100
   free-energy                    = no
   cos-acceleration               = 0
   deform (3x3):
      deform[    0]={ 0.00000e+00,  0.00000e+00,  0.00000e+00}
      deform[    1]={ 0.00000e+00,  0.00000e+00,  0.00000e+00}
      deform[    2]={ 0.00000e+00,  0.00000e+00,  0.00000e+00}
   simulated-tempering            = false
   swapcoords                     = no
   userint1                       = 0
   userint2                       = 0
   userint3                       = 0
   userint4                       = 0
   userreal1                      = 0
   userreal2                      = 0
   userreal3                      = 0
   userreal4                      = 0
   applied-forces:
     electric-field:
       x:
         E0                       = 0
         omega                    = 0
         t0                       = 0
         sigma                    = 0
       y:
         E0                       = 0
         omega                    = 0
         t0                       = 0
         sigma                    = 0
       z:
         E0                       = 0
         omega                    = 0
         t0                       = 0
         sigma                    = 0
     density-guided-simulation:
       active                     = false
       group                      = protein
       similarity-measure         = inner-product
       atom-spreading-weight      = unity
       force-constant             = 1e+09
       gaussian-transform-spreading-width = 0.2
       gaussian-transform-spreading-range-in-multiples-of-width = 4
       reference-density-filename = reference.mrc
       nst                        = 1
       normalize-densities        = true
       adaptive-force-scaling     = false
       adaptive-force-scaling-time-constant = 4
       shift-vector               = 
       transformation-matrix      = 
     qmmm-cp2k:
       active                     = false
       qmgroup                    = System
       qmmethod                   = PBE
       qmfilenames                = 
       qmcharge                   = 0
       qmmultiplicity             = 1
grpopts:
   nrdf:       23283
   ref-t:         300
   tau-t:           1
annealing:          No
annealing-npoints:           0
   acc:	           0           0           0
   nfreeze:           N           N           N
   energygrp-flags[  0]: 0

Changing nstlist from 20 to 100, rlist from 1.2 to 1.298


Initializing Domain Decomposition on 1 ranks
Dynamic load balancing: auto
Using update groups, nr 3888, average size 3.0 atoms, max. radius 0.078 nm
Minimum cell size due to atom displacement: 0.296 nm
Using 0 separate PME ranks because: there are too few total ranks for efficient splitting
Optimizing the DD grid for 1 cells with a minimum initial size of 0.296 nm
The maximum allowed number of cells is: X 16 Y 16 Z 16
Domain decomposition grid 1 x 1 x 1, separate PME ranks 0
PME domain decomposition: 1 x 1 x 1

The initial number of communication pulses is:
The initial domain decomposition cell size is:

When dynamic load balancing gets turned on, these settings will change to:
The maximum number of communication pulses is:
The minimum size for domain decomposition cells is 1.454 nm
The requested allowed shrink of DD cells (option -dds) is: 0.80
The allowed shrink of domain decomposition cells is:

Using 1 MPI process

Non-default thread affinity set, disabling internal thread affinity
System total charge: 0.000
Will do PME sum in reciprocal space for electrostatic interactions.

++++ PLEASE READ AND CITE THE FOLLOWING REFERENCE ++++
U. Essmann, L. Perera, M. L. Berkowitz, T. Darden, H. Lee and L. G. Pedersen 
A smooth particle mesh Ewald method
J. Chem. Phys. 103 (1995) pp. 8577-8592
-------- -------- --- Thank You --- -------- --------

Using a Gaussian width (1/beta) of 0.384195 nm for Ewald
Potential shift: LJ r^-12: -2.648e-01 r^-6: -5.349e-01, Ewald -8.333e-06
Initialized non-bonded Coulomb Ewald tables, spacing: 1.02e-03 size: 1176



Using SIMD 4x8 nonbonded short-range kernels

Using a dual 4x8 pair-list setup updated with dynamic pruning:
  outer list: updated every 100 steps, buffer 0.098 nm, rlist 1.298 nm
  inner list: updated every  23 steps, buffer 0.001 nm, rlist 1.201 nm
At tolerance 0.005 kJ/mol/ps per atom, equivalent classical 1x1 list would be:
  outer list: updated every 100 steps, buffer 0.227 nm, rlist 1.427 nm
  inner list: updated every  23 steps, buffer 0.046 nm, rlist 1.246 nm

The non-bonded pair calculation algorithm tolerates a few missing pair interactions close to the cut-off. This can lead to a systematic overestimation of the pressure due to missing LJ interactions. The error in the average pressure due to missing LJ interactions is at most 0.03 bar.
The pressure error can be controlled by setting the environment variable GMX_VERLET_BUFFER_PRESSURE_TOLERANCE to the allowed error in units of bar.
Removing pbc first time

Linking all bonded interactions to atoms


++++ PLEASE READ AND CITE THE FOLLOWING REFERENCE ++++
S. Miyamoto and P. A. Kollman
SETTLE: An Analytical Version of the SHAKE and RATTLE Algorithms for Rigid
Water Models
J. Comp. Chem. 13 (1992) pp. 952-962
-------- -------- --- Thank You --- -------- --------


++++ PLEASE READ AND CITE THE FOLLOWING REFERENCE ++++
G. Bussi, D. Donadio and M. Parrinello
Canonical sampling through velocity rescaling
J. Chem. Phys. 126 (2007) pp. 014101
-------- -------- --- Thank You --- -------- --------

There are: 11636 Atoms

Atom distribution over 1 domains: av 11636 stddev 0 min 11636 max 11636

Constraining the starting coordinates (step 0)

Constraining the coordinates at t0-dt (step 0)
Center of mass motion removal mode is Linear
We have the following groups for center of mass motion removal:
  0:  SOLV
RMS relative constraint deviation after constraining: 0.00e+00
Initial temperature: 299.964 K

Started mdrun on rank 0 Sun Sep 29 13:26:09 2024

           Step           Time
              0        0.00000

   Energies (kJ/mol)
        LJ (SR)   Coulomb (SR)   Coul. recip.      Potential    Kinetic En.
    2.49899e+04   -2.10553e+05    7.65223e+02   -1.84798e+05    2.90402e+04
   Total Energy  Conserved En.    Temperature Pressure (bar)
   -1.55758e+05   -1.55758e+05    3.00024e+02   -1.69780e+03

           Step           Time
           1000        1.00000

   Energies (kJ/mol)
        LJ (SR)   Coulomb (SR)   Coul. recip.      Potential    Kinetic En.
    2.05156e+04   -1.92983e+05    4.80849e+02   -1.71986e+05    2.31746e+04
   Total Energy  Conserved En.    Temperature Pressure (bar)
   -1.48812e+05   -1.55712e+05    2.39425e+02   -1.49481e+03

           Step           Time
           2000        2.00000

   Energies (kJ/mol)
        LJ (SR)   Coulomb (SR)   Coul. recip.      Potential    Kinetic En.
    1.97048e+04   -1.89612e+05    5.25630e+02   -1.69381e+05    2.53392e+04
   Total Energy  Conserved En.    Temperature Pressure (bar)
   -1.44042e+05   -1.55713e+05    2.61788e+02   -1.36577e+03

           Step           Time
           3000        3.00000

   Energies (kJ/mol)
        LJ (SR)   Coulomb (SR)   Coul. recip.      Potential    Kinetic En.
    1.82547e+04   -1.86034e+05    4.89094e+02   -1.67290e+05    2.66996e+04
   Total Energy  Conserved En.    Temperature Pressure (bar)
   -1.40591e+05   -1.55716e+05    2.75843e+02   -1.69290e+03

           Step           Time
           4000        4.00000

   Energies (kJ/mol)
        LJ (SR)   Coulomb (SR)   Coul. recip.      Potential    Kinetic En.
    1.79442e+04   -1.83959e+05    5.07183e+02   -1.65507e+05    2.67700e+04
   Total Energy  Conserved En.    Temperature Pressure (bar)
   -1.38737e+05   -1.55718e+05    2.76570e+02   -1.57403e+03

           Step           Time
           5000        5.00000

   Energies (kJ/mol)
        LJ (SR)   Coulomb (SR)   Coul. recip.      Potential    Kinetic En.
    1.82030e+04   -1.83026e+05    5.43557e+02   -1.64279e+05    2.74508e+04
   Total Energy  Conserved En.    Temperature Pressure (bar)
   -1.36828e+05   -1.55719e+05    2.83604e+02   -1.19399e+03

           Step           Time
           6000        6.00000

   Energies (kJ/mol)
        LJ (SR)   Coulomb (SR)   Coul. recip.      Potential    Kinetic En.
    1.75628e+04   -1.81524e+05    5.31050e+02   -1.63430e+05    2.79395e+04
   Total Energy  Conserved En.    Temperature Pressure (bar)
   -1.35490e+05   -1.55719e+05    2.88653e+02   -1.38749e+03

           Step           Time
           7000        7.00000

   Energies (kJ/mol)
        LJ (SR)   Coulomb (SR)   Coul. recip.      Potential    Kinetic En.
    1.71795e+04   -1.80592e+05    5.24252e+02   -1.62889e+05    2.80591e+04
   Total Energy  Conserved En.    Temperature Pressure (bar)
   -1.34830e+05   -1.55719e+05    2.89888e+02   -1.36131e+03

           Step           Time
           8000        8.00000

   Energies (kJ/mol)
        LJ (SR)   Coulomb (SR)   Coul. recip.      Potential    Kinetic En.
    1.74461e+04   -1.80626e+05    4.98971e+02   -1.62681e+05    2.85480e+04
   Total Energy  Conserved En.    Temperature Pressure (bar)
   -1.34133e+05   -1.55721e+05    2.94940e+02   -1.22778e+03

           Step           Time
           9000        9.00000

   Energies (kJ/mol)
        LJ (SR)   Coulomb (SR)   Coul. recip.      Potential    Kinetic En.
    1.70698e+04   -1.79351e+05    5.94432e+02   -1.61687e+05    2.82153e+04
   Total Energy  Conserved En.    Temperature Pressure (bar)
   -1.33471e+05   -1.55720e+05    2.91502e+02   -1.23498e+03

           Step           Time
          10000       10.00000

   Energies (kJ/mol)
        LJ (SR)   Coulomb (SR)   Coul. recip.      Potential    Kinetic En.
    1.70185e+04   -1.79514e+05    5.66717e+02   -1.61929e+05    2.89263e+04
   Total Energy  Conserved En.    Temperature Pressure (bar)
   -1.33002e+05   -1.55722e+05    2.98847e+02   -1.23700e+03

           Step           Time
          11000       11.00000

   Energies (kJ/mol)
        LJ (SR)   Coulomb (SR)   Coul. recip.      Potential    Kinetic En.
    1.75429e+04   -1.80255e+05    5.69818e+02   -1.62142e+05    2.88026e+04
   Total Energy  Conserved En.    Temperature Pressure (bar)
   -1.33340e+05   -1.55722e+05    2.97570e+02   -1.03688e+03

           Step           Time
          12000       12.00000

   Energies (kJ/mol)
        LJ (SR)   Coulomb (SR)   Coul. recip.      Potential    Kinetic En.
    1.72207e+04   -1.79320e+05    5.60362e+02   -1.61539e+05    2.86143e+04
   Total Energy  Conserved En.    Temperature Pressure (bar)
   -1.32925e+05   -1.55723e+05    2.95624e+02   -1.14478e+03

           Step           Time
          13000       13.00000

   Energies (kJ/mol)
        LJ (SR)   Coulomb (SR)   Coul. recip.      Potential    Kinetic En.
    1.78178e+04   -1.79806e+05    5.09661e+02   -1.61478e+05    2.88405e+04
   Total Energy  Conserved En.    Temperature Pressure (bar)
   -1.32638e+05   -1.55724e+05    2.97961e+02   -8.29472e+02

           Step           Time
          14000       14.00000

   Energies (kJ/mol)
        LJ (SR)   Coulomb (SR)   Coul. recip.      Potential    Kinetic En.
    1.76928e+04   -1.79872e+05    5.69966e+02   -1.61610e+05    2.89665e+04
   Total Energy  Conserved En.    Temperature Pressure (bar)
   -1.32643e+05   -1.55723e+05    2.99263e+02   -8.92208e+02

           Step           Time
          15000       15.00000

   Energies (kJ/mol)
        LJ (SR)   Coulomb (SR)   Coul. recip.      Potential    Kinetic En.
    1.74412e+04   -1.79274e+05    5.74628e+02   -1.61258e+05    2.87181e+04
   Total Energy  Conserved En.    Temperature Pressure (bar)
   -1.32540e+05   -1.55725e+05    2.96697e+02   -1.02120e+03

           Step           Time
          16000       16.00000

   Energies (kJ/mol)
        LJ (SR)   Coulomb (SR)   Coul. recip.      Potential    Kinetic En.
    1.65891e+04   -1.78205e+05    5.57367e+02   -1.61059e+05    2.89049e+04
   Total Energy  Conserved En.    Temperature Pressure (bar)
   -1.32154e+05   -1.55726e+05    2.98626e+02   -1.37555e+03

           Step           Time
          17000       17.00000

   Energies (kJ/mol)
        LJ (SR)   Coulomb (SR)   Coul. recip.      Potential    Kinetic En.
    1.64081e+04   -1.77706e+05    5.29881e+02   -1.60768e+05    2.89709e+04
   Total Energy  Conserved En.    Temperature Pressure (bar)
   -1.31797e+05   -1.55726e+05    2.99309e+02   -1.39321e+03

           Step           Time
          18000       18.00000

   Energies (kJ/mol)
        LJ (SR)   Coulomb (SR)   Coul. recip.      Potential    Kinetic En.
    1.68990e+04   -1.77967e+05    5.59084e+02   -1.60509e+05    2.89528e+04
   Total Energy  Conserved En.    Temperature Pressure (bar)
   -1.31556e+05   -1.55728e+05    2.99122e+02   -1.06573e+03

           Step           Time
          19000       19.00000

   Energies (kJ/mol)
        LJ (SR)   Coulomb (SR)   Coul. recip.      Potential    Kinetic En.
    1.73783e+04   -1.78796e+05    5.51194e+02   -1.60866e+05    2.90294e+04
   Total Energy  Conserved En.    Temperature Pressure (bar)
   -1.31837e+05   -1.55728e+05    2.99913e+02   -9.21667e+02

           Step           Time
          20000       20.00000

   Energies (kJ/mol)
        LJ (SR)   Coulomb (SR)   Coul. recip.      Potential    Kinetic En.
    1.64075e+04   -1.77954e+05    5.60972e+02   -1.60986e+05    2.93135e+04
   Total Energy  Conserved En.    Temperature Pressure (bar)
   -1.31672e+05   -1.55729e+05    3.02848e+02   -1.38160e+03

           Step           Time
          21000       21.00000

   Energies (kJ/mol)
        LJ (SR)   Coulomb (SR)   Coul. recip.      Potential    Kinetic En.
    1.76020e+04   -1.79022e+05    5.49117e+02   -1.60871e+05    2.90161e+04
   Total Energy  Conserved En.    Temperature Pressure (bar)
   -1.31855e+05   -1.55727e+05    2.99775e+02   -7.80543e+02

           Step           Time
          22000       22.00000

   Energies (kJ/mol)
        LJ (SR)   Coulomb (SR)   Coul. recip.      Potential    Kinetic En.
    1.68159e+04   -1.78189e+05    5.74808e+02   -1.60798e+05    2.92035e+04
   Total Energy  Conserved En.    Temperature Pressure (bar)
   -1.31594e+05   -1.55729e+05    3.01711e+02   -1.20544e+03

           Step           Time
          23000       23.00000

   Energies (kJ/mol)
        LJ (SR)   Coulomb (SR)   Coul. recip.      Potential    Kinetic En.
    1.66540e+04   -1.78724e+05    6.19996e+02   -1.61450e+05    2.92045e+04
   Total Energy  Conserved En.    Temperature Pressure (bar)
   -1.32246e+05   -1.55730e+05    3.01722e+02   -1.41461e+03

           Step           Time
          24000       24.00000

   Energies (kJ/mol)
        LJ (SR)   Coulomb (SR)   Coul. recip.      Potential    Kinetic En.
    1.70938e+04   -1.78842e+05    5.08904e+02   -1.61240e+05    2.94797e+04
   Total Energy  Conserved En.    Temperature Pressure (bar)
   -1.31760e+05   -1.55732e+05    3.04565e+02   -1.09730e+03

           Step           Time
          25000       25.00000

   Energies (kJ/mol)
        LJ (SR)   Coulomb (SR)   Coul. recip.      Potential    Kinetic En.
    1.74558e+04   -1.78746e+05    6.37249e+02   -1.60653e+05    2.91807e+04
   Total Energy  Conserved En.    Temperature Pressure (bar)
   -1.31472e+05   -1.55731e+05    3.01476e+02   -8.51166e+02

           Step           Time
          26000       26.00000

   Energies (kJ/mol)
        LJ (SR)   Coulomb (SR)   Coul. recip.      Potential    Kinetic En.
    1.74326e+04   -1.79000e+05    5.64758e+02   -1.61003e+05    2.93828e+04
   Total Energy  Conserved En.    Temperature Pressure (bar)
   -1.31620e+05   -1.55732e+05    3.03564e+02   -8.87904e+02

           Step           Time
          27000       27.00000

   Energies (kJ/mol)
        LJ (SR)   Coulomb (SR)   Coul. recip.      Potential    Kinetic En.
    1.72142e+04   -1.78982e+05    5.77225e+02   -1.61190e+05    2.96319e+04
   Total Energy  Conserved En.    Temperature Pressure (bar)
   -1.31559e+05   -1.55733e+05    3.06137e+02   -1.01359e+03

           Step           Time
          28000       28.00000

   Energies (kJ/mol)
        LJ (SR)   Coulomb (SR)   Coul. recip.      Potential    Kinetic En.
    1.72686e+04   -1.79249e+05    5.94389e+02   -1.61386e+05    2.89578e+04
   Total Energy  Conserved En.    Temperature Pressure (bar)
   -1.32428e+05   -1.55733e+05    2.99173e+02   -1.10488e+03

           Step           Time
          29000       29.00000

   Energies (kJ/mol)
        LJ (SR)   Coulomb (SR)   Coul. recip.      Potential    Kinetic En.
    1.69484e+04   -1.78735e+05    5.76469e+02   -1.61210e+05    2.89961e+04
   Total Energy  Conserved En.    Temperature Pressure (bar)
   -1.32214e+05   -1.55735e+05    2.99568e+02   -1.24943e+03

           Step           Time
          30000       30.00000

   Energies (kJ/mol)
        LJ (SR)   Coulomb (SR)   Coul. recip.      Potential    Kinetic En.
    1.79690e+04   -1.79837e+05    5.94585e+02   -1.61274e+05    2.91452e+04
   Total Energy  Conserved En.    Temperature Pressure (bar)
   -1.32129e+05   -1.55734e+05    3.01109e+02   -7.27798e+02

           Step           Time
          31000       31.00000

   Energies (kJ/mol)
        LJ (SR)   Coulomb (SR)   Coul. recip.      Potential    Kinetic En.
    1.73398e+04   -1.79197e+05    5.74135e+02   -1.61283e+05    2.92100e+04
   Total Energy  Conserved En.    Temperature Pressure (bar)
   -1.32073e+05   -1.55734e+05    3.01779e+02   -1.01933e+03

           Step           Time
          32000       32.00000

   Energies (kJ/mol)
        LJ (SR)   Coulomb (SR)   Coul. recip.      Potential    Kinetic En.
    1.73355e+04   -1.78914e+05    5.58035e+02   -1.61020e+05    2.90928e+04
   Total Energy  Conserved En.    Temperature Pressure (bar)
   -1.31928e+05   -1.55737e+05    3.00568e+02   -9.57099e+02

           Step           Time
          33000       33.00000

   Energies (kJ/mol)
        LJ (SR)   Coulomb (SR)   Coul. recip.      Potential    Kinetic En.
    1.66143e+04   -1.78184e+05    5.53113e+02   -1.61017e+05    2.94329e+04
   Total Energy  Conserved En.    Temperature Pressure (bar)
   -1.31584e+05   -1.55737e+05    3.04081e+02   -1.28725e+03

           Step           Time
          34000       34.00000

   Energies (kJ/mol)
        LJ (SR)   Coulomb (SR)   Coul. recip.      Potential    Kinetic En.
    1.75018e+04   -1.78970e+05    5.07046e+02   -1.60961e+05    2.91522e+04
   Total Energy  Conserved En.    Temperature Pressure (bar)
   -1.31809e+05   -1.55736e+05    3.01182e+02   -9.00316e+02

           Step           Time
          35000       35.00000

   Energies (kJ/mol)
        LJ (SR)   Coulomb (SR)   Coul. recip.      Potential    Kinetic En.
    1.70450e+04   -1.78643e+05    5.62890e+02   -1.61035e+05    2.91939e+04
   Total Energy  Conserved En.    Temperature Pressure (bar)
   -1.31841e+05   -1.55736e+05    3.01612e+02   -1.15932e+03

           Step           Time
          36000       36.00000

   Energies (kJ/mol)
        LJ (SR)   Coulomb (SR)   Coul. recip.      Potential    Kinetic En.
    1.68617e+04   -1.78557e+05    5.95052e+02   -1.61100e+05    2.91316e+04
   Total Energy  Conserved En.    Temperature Pressure (bar)
   -1.31968e+05   -1.55739e+05    3.00968e+02   -1.20129e+03

           Step           Time
          37000       37.00000

   Energies (kJ/mol)
        LJ (SR)   Coulomb (SR)   Coul. recip.      Potential    Kinetic En.
    1.63961e+04   -1.78114e+05    5.79592e+02   -1.61138e+05    2.90933e+04
   Total Energy  Conserved En.    Temperature Pressure (bar)
   -1.32045e+05   -1.55739e+05    3.00573e+02   -1.44779e+03

           Step           Time
          38000       38.00000

   Energies (kJ/mol)
        LJ (SR)   Coulomb (SR)   Coul. recip.      Potential    Kinetic En.
    1.72812e+04   -1.79247e+05    5.74219e+02   -1.61392e+05    2.93556e+04
   Total Energy  Conserved En.    Temperature Pressure (bar)
   -1.32036e+05   -1.55741e+05    3.03283e+02   -1.05147e+03

           Step           Time
          39000       39.00000

   Energies (kJ/mol)
        LJ (SR)   Coulomb (SR)   Coul. recip.      Potential    Kinetic En.
    1.75440e+04   -1.79702e+05    5.47479e+02   -1.61611e+05    2.90263e+04
   Total Energy  Conserved En.    Temperature Pressure (bar)
   -1.32584e+05   -1.55740e+05    2.99880e+02   -9.56562e+02

           Step           Time
          40000       40.00000

   Energies (kJ/mol)
        LJ (SR)   Coulomb (SR)   Coul. recip.      Potential    Kinetic En.
    1.79037e+04   -1.80026e+05    5.65688e+02   -1.61557e+05    2.90000e+04
   Total Energy  Conserved En.    Temperature Pressure (bar)
   -1.32557e+05   -1.55741e+05    2.99609e+02   -8.01427e+02

           Step           Time
          41000       41.00000

   Energies (kJ/mol)
        LJ (SR)   Coulomb (SR)   Coul. recip.      Potential    Kinetic En.
    1.73341e+04   -1.79672e+05    5.97007e+02   -1.61741e+05    2.90763e+04
   Total Energy  Conserved En.    Temperature Pressure (bar)
   -1.32665e+05   -1.55741e+05    3.00397e+02   -1.16075e+03

           Step           Time
          42000       42.00000

   Energies (kJ/mol)
        LJ (SR)   Coulomb (SR)   Coul. recip.      Potential    Kinetic En.
    1.68099e+04   -1.79079e+05    5.82355e+02   -1.61687e+05    2.90820e+04
   Total Energy  Conserved En.    Temperature Pressure (bar)
   -1.32605e+05   -1.55742e+05    3.00456e+02   -1.40618e+03

           Step           Time
          43000       43.00000

   Energies (kJ/mol)
        LJ (SR)   Coulomb (SR)   Coul. recip.      Potential    Kinetic En.
    1.77847e+04   -1.80049e+05    5.80724e+02   -1.61684e+05    2.86827e+04
   Total Energy  Conserved En.    Temperature Pressure (bar)
   -1.33001e+05   -1.55744e+05    2.96330e+02   -9.24364e+02

           Step           Time
          44000       44.00000

   Energies (kJ/mol)
        LJ (SR)   Coulomb (SR)   Coul. recip.      Potential    Kinetic En.
    1.78765e+04   -1.80395e+05    5.33683e+02   -1.61985e+05    2.86031e+04
   Total Energy  Conserved En.    Temperature Pressure (bar)
   -1.33382e+05   -1.55743e+05    2.95509e+02   -8.94895e+02

           Step           Time
          45000       45.00000

   Energies (kJ/mol)
        LJ (SR)   Coulomb (SR)   Coul. recip.      Potential    Kinetic En.
    1.77832e+04   -1.79341e+05    5.67098e+02   -1.60990e+05    2.86136e+04
   Total Energy  Conserved En.    Temperature Pressure (bar)
   -1.32377e+05   -1.55742e+05    2.95617e+02   -8.19690e+02

           Step           Time
          46000       46.00000

   Energies (kJ/mol)
        LJ (SR)   Coulomb (SR)   Coul. recip.      Potential    Kinetic En.
    1.71103e+04   -1.78954e+05    5.85892e+02   -1.61258e+05    2.90928e+04
   Total Energy  Conserved En.    Temperature Pressure (bar)
   -1.32165e+05   -1.55746e+05    3.00568e+02   -1.11521e+03

           Step           Time
          47000       47.00000

   Energies (kJ/mol)
        LJ (SR)   Coulomb (SR)   Coul. recip.      Potential    Kinetic En.
    1.71874e+04   -1.79141e+05    6.00216e+02   -1.61353e+05    2.92221e+04
   Total Energy  Conserved En.    Temperature Pressure (bar)
   -1.32131e+05   -1.55745e+05    3.01904e+02   -1.13119e+03

           Step           Time
          48000       48.00000

   Energies (kJ/mol)
        LJ (SR)   Coulomb (SR)   Coul. recip.      Potential    Kinetic En.
    1.70417e+04   -1.78322e+05    5.91447e+02   -1.60689e+05    2.87575e+04
   Total Energy  Conserved En.    Temperature Pressure (bar)
   -1.31931e+05   -1.55746e+05    2.97103e+02   -1.11355e+03

           Step           Time
          49000       49.00000

   Energies (kJ/mol)
        LJ (SR)   Coulomb (SR)   Coul. recip.      Potential    Kinetic En.
    1.71165e+04   -1.78475e+05    5.55055e+02   -1.60803e+05    2.89499e+04
   Total Energy  Conserved En.    Temperature Pressure (bar)
   -1.31853e+05   -1.55747e+05    2.99092e+02   -1.04016e+03

           Step           Time
          50000       50.00000

   Energies (kJ/mol)
        LJ (SR)   Coulomb (SR)   Coul. recip.      Potential    Kinetic En.
    1.73072e+04   -1.78523e+05    5.65083e+02   -1.60650e+05    2.86803e+04
   Total Energy  Conserved En.    Temperature Pressure (bar)
   -1.31970e+05   -1.55747e+05    2.96306e+02   -9.40847e+02

           Step           Time
          51000       51.00000

   Energies (kJ/mol)
        LJ (SR)   Coulomb (SR)   Coul. recip.      Potential    Kinetic En.
    1.73074e+04   -1.78938e+05    5.37291e+02   -1.61094e+05    2.90953e+04
   Total Energy  Conserved En.    Temperature Pressure (bar)
   -1.31998e+05   -1.55749e+05    3.00594e+02   -9.91019e+02

           Step           Time
          52000       52.00000

   Energies (kJ/mol)
        LJ (SR)   Coulomb (SR)   Coul. recip.      Potential    Kinetic En.
    1.62477e+04   -1.77262e+05    5.79043e+02   -1.60436e+05    2.89169e+04
   Total Energy  Conserved En.    Temperature Pressure (bar)
   -1.31519e+05   -1.55748e+05    2.98750e+02   -1.45038e+03

           Step           Time
          53000       53.00000

   Energies (kJ/mol)
        LJ (SR)   Coulomb (SR)   Coul. recip.      Potential    Kinetic En.
    1.75424e+04   -1.79417e+05    5.60531e+02   -1.61315e+05    2.91791e+04
   Total Energy  Conserved En.    Temperature Pressure (bar)
   -1.32135e+05   -1.55750e+05    3.01459e+02   -8.60949e+02

           Step           Time
          54000       54.00000

   Energies (kJ/mol)
        LJ (SR)   Coulomb (SR)   Coul. recip.      Potential    Kinetic En.
    1.67336e+04   -1.78440e+05    5.37873e+02   -1.61168e+05    2.89508e+04
   Total Energy  Conserved En.    Temperature Pressure (bar)
   -1.32218e+05   -1.55750e+05    2.99100e+02   -1.29814e+03

Writing checkpoint, step 54400 at Sun Sep 29 13:41:11 2024


           Step           Time
          55000       55.00000

   Energies (kJ/mol)
        LJ (SR)   Coulomb (SR)   Coul. recip.      Potential    Kinetic En.
    1.75002e+04   -1.79119e+05    5.78400e+02   -1.61040e+05    2.92022e+04
   Total Energy  Conserved En.    Temperature Pressure (bar)
   -1.31838e+05   -1.55751e+05    3.01698e+02   -8.74252e+02

           Step           Time
          56000       56.00000

   Energies (kJ/mol)
        LJ (SR)   Coulomb (SR)   Coul. recip.      Potential    Kinetic En.
    1.67117e+04   -1.78287e+05    5.58233e+02   -1.61017e+05    2.88948e+04
   Total Energy  Conserved En.    Temperature Pressure (bar)
   -1.32122e+05   -1.55750e+05    2.98522e+02   -1.27540e+03

           Step           Time
          57000       57.00000

   Energies (kJ/mol)
        LJ (SR)   Coulomb (SR)   Coul. recip.      Potential    Kinetic En.
    1.69449e+04   -1.78820e+05    5.75884e+02   -1.61299e+05    2.88815e+04
   Total Energy  Conserved En.    Temperature Pressure (bar)
   -1.32417e+05   -1.55751e+05    2.98385e+02   -1.22083e+03

           Step           Time
          58000       58.00000

   Energies (kJ/mol)
        LJ (SR)   Coulomb (SR)   Coul. recip.      Potential    Kinetic En.
    1.69131e+04   -1.78743e+05    5.38822e+02   -1.61291e+05    2.90568e+04
   Total Energy  Conserved En.    Temperature Pressure (bar)
   -1.32234e+05   -1.55754e+05    3.00196e+02   -1.20428e+03

           Step           Time
          59000       59.00000

   Energies (kJ/mol)
        LJ (SR)   Coulomb (SR)   Coul. recip.      Potential    Kinetic En.
    1.68318e+04   -1.78279e+05    5.62706e+02   -1.60884e+05    2.91202e+04
   Total Energy  Conserved En.    Temperature Pressure (bar)
   -1.31764e+05   -1.55754e+05    3.00850e+02   -1.15873e+03

           Step           Time
          60000       60.00000

   Energies (kJ/mol)
        LJ (SR)   Coulomb (SR)   Coul. recip.      Potential    Kinetic En.
    1.71417e+04   -1.78186e+05    5.72205e+02   -1.60472e+05    2.93348e+04
   Total Energy  Conserved En.    Temperature Pressure (bar)
   -1.31137e+05   -1.55754e+05    3.03068e+02   -1.00132e+03

           Step           Time
          61000       61.00000

   Energies (kJ/mol)
        LJ (SR)   Coulomb (SR)   Coul. recip.      Potential    Kinetic En.
    1.69116e+04   -1.78552e+05    5.73250e+02   -1.61067e+05    2.94217e+04
   Total Energy  Conserved En.    Temperature Pressure (bar)
   -1.31645e+05   -1.55756e+05    3.03966e+02   -1.22182e+03

           Step           Time
          62000       62.00000

   Energies (kJ/mol)
        LJ (SR)   Coulomb (SR)   Coul. recip.      Potential    Kinetic En.
    1.71100e+04   -1.78998e+05    5.88419e+02   -1.61299e+05    2.93585e+04
   Total Energy  Conserved En.    Temperature Pressure (bar)
   -1.31941e+05   -1.55756e+05    3.03312e+02   -1.15517e+03

           Step           Time
          63000       63.00000

   Energies (kJ/mol)
        LJ (SR)   Coulomb (SR)   Coul. recip.      Potential    Kinetic En.
    1.77140e+04   -1.79257e+05    6.00822e+02   -1.60942e+05    2.93123e+04
   Total Energy  Conserved En.    Temperature Pressure (bar)
   -1.31630e+05   -1.55756e+05    3.02836e+02   -7.18927e+02

           Step           Time
          64000       64.00000

   Energies (kJ/mol)
        LJ (SR)   Coulomb (SR)   Coul. recip.      Potential    Kinetic En.
    1.75508e+04   -1.78522e+05    5.72300e+02   -1.60399e+05    2.91637e+04
   Total Energy  Conserved En.    Temperature Pressure (bar)
   -1.31236e+05   -1.55756e+05    3.01301e+02   -7.77896e+02

           Step           Time
          65000       65.00000

   Energies (kJ/mol)
        LJ (SR)   Coulomb (SR)   Coul. recip.      Potential    Kinetic En.
    1.69737e+04   -1.77938e+05    5.70093e+02   -1.60394e+05    2.93543e+04
   Total Energy  Conserved En.    Temperature Pressure (bar)
   -1.31040e+05   -1.55760e+05    3.03269e+02   -1.11256e+03

           Step           Time
          66000       66.00000

   Energies (kJ/mol)
        LJ (SR)   Coulomb (SR)   Coul. recip.      Potential    Kinetic En.
    1.69644e+04   -1.78042e+05    5.92295e+02   -1.60485e+05    2.93966e+04
   Total Energy  Conserved En.    Temperature Pressure (bar)
   -1.31089e+05   -1.55758e+05    3.03706e+02   -1.00128e+03

           Step           Time
          67000       67.00000

   Energies (kJ/mol)
        LJ (SR)   Coulomb (SR)   Coul. recip.      Potential    Kinetic En.
    1.69444e+04   -1.77992e+05    5.84515e+02   -1.60463e+05    2.92885e+04
   Total Energy  Conserved En.    Temperature Pressure (bar)
   -1.31175e+05   -1.55760e+05    3.02589e+02   -1.11419e+03

           Step           Time
          68000       68.00000

   Energies (kJ/mol)
        LJ (SR)   Coulomb (SR)   Coul. recip.      Potential    Kinetic En.
    1.71190e+04   -1.78215e+05    5.91563e+02   -1.60505e+05    2.91580e+04
   Total Energy  Conserved En.    Temperature Pressure (bar)
   -1.31347e+05   -1.55759e+05    3.01241e+02   -1.00941e+03

           Step           Time
          69000       69.00000

   Energies (kJ/mol)
        LJ (SR)   Coulomb (SR)   Coul. recip.      Potential    Kinetic En.
    1.73497e+04   -1.78535e+05    5.65716e+02   -1.60619e+05    2.88611e+04
   Total Energy  Conserved En.    Temperature Pressure (bar)
   -1.31758e+05   -1.55760e+05    2.98174e+02   -9.41183e+02

           Step           Time
          70000       70.00000

   Energies (kJ/mol)
        LJ (SR)   Coulomb (SR)   Coul. recip.      Potential    Kinetic En.
    1.69572e+04   -1.78504e+05    5.57837e+02   -1.60989e+05    2.91952e+04
   Total Energy  Conserved En.    Temperature Pressure (bar)
   -1.31794e+05   -1.55761e+05    3.01626e+02   -1.15342e+03

           Step           Time
          71000       71.00000

   Energies (kJ/mol)
        LJ (SR)   Coulomb (SR)   Coul. recip.      Potential    Kinetic En.
    1.66532e+04   -1.77840e+05    5.49160e+02   -1.60638e+05    2.90526e+04
   Total Energy  Conserved En.    Temperature Pressure (bar)
   -1.31585e+05   -1.55761e+05    3.00153e+02   -1.22592e+03

           Step           Time
          72000       72.00000

   Energies (kJ/mol)
        LJ (SR)   Coulomb (SR)   Coul. recip.      Potential    Kinetic En.
    1.74770e+04   -1.79127e+05    5.61577e+02   -1.61088e+05    2.89011e+04
   Total Energy  Conserved En.    Temperature Pressure (bar)
   -1.32187e+05   -1.55761e+05    2.98588e+02   -9.53133e+02

           Step           Time
          73000       73.00000

   Energies (kJ/mol)
        LJ (SR)   Coulomb (SR)   Coul. recip.      Potential    Kinetic En.
    1.70403e+04   -1.78650e+05    5.65297e+02   -1.61045e+05    2.92781e+04
   Total Energy  Conserved En.    Temperature Pressure (bar)
   -1.31766e+05   -1.55761e+05    3.02483e+02   -1.09991e+03

           Step           Time
          74000       74.00000

   Energies (kJ/mol)
        LJ (SR)   Coulomb (SR)   Coul. recip.      Potential    Kinetic En.
    1.78384e+04   -1.79393e+05    6.07915e+02   -1.60947e+05    2.91847e+04
   Total Energy  Conserved En.    Temperature Pressure (bar)
   -1.31762e+05   -1.55762e+05    3.01517e+02   -7.26486e+02

           Step           Time
          75000       75.00000

   Energies (kJ/mol)
        LJ (SR)   Coulomb (SR)   Coul. recip.      Potential    Kinetic En.
    1.73185e+04   -1.79082e+05    5.88696e+02   -1.61174e+05    2.91529e+04
   Total Energy  Conserved En.    Temperature Pressure (bar)
   -1.32021e+05   -1.55763e+05    3.01189e+02   -9.96593e+02

           Step           Time
          76000       76.00000

   Energies (kJ/mol)
        LJ (SR)   Coulomb (SR)   Coul. recip.      Potential    Kinetic En.
    1.65802e+04   -1.78553e+05    5.44715e+02   -1.61428e+05    2.91652e+04
   Total Energy  Conserved En.    Temperature Pressure (bar)
   -1.32263e+05   -1.55763e+05    3.01316e+02   -1.37368e+03

           Step           Time
          77000       77.00000

   Energies (kJ/mol)
        LJ (SR)   Coulomb (SR)   Coul. recip.      Potential    Kinetic En.
    1.72753e+04   -1.78916e+05    6.17960e+02   -1.61022e+05    2.88624e+04
   Total Energy  Conserved En.    Temperature Pressure (bar)
   -1.32160e+05   -1.55764e+05    2.98187e+02   -1.00165e+03

           Step           Time
          78000       78.00000

   Energies (kJ/mol)
        LJ (SR)   Coulomb (SR)   Coul. recip.      Potential    Kinetic En.
    1.77268e+04   -1.79628e+05    5.72980e+02   -1.61328e+05    2.90291e+04
   Total Energy  Conserved En.    Temperature Pressure (bar)
   -1.32299e+05   -1.55765e+05    2.99910e+02   -8.21902e+02

           Step           Time
          79000       79.00000

   Energies (kJ/mol)
        LJ (SR)   Coulomb (SR)   Coul. recip.      Potential    Kinetic En.
    1.63110e+04   -1.78186e+05    5.66978e+02   -1.61308e+05    2.90205e+04
   Total Energy  Conserved En.    Temperature Pressure (bar)
   -1.32287e+05   -1.55765e+05    2.99821e+02   -1.50835e+03

           Step           Time
          80000       80.00000

   Energies (kJ/mol)
        LJ (SR)   Coulomb (SR)   Coul. recip.      Potential    Kinetic En.
    1.66578e+04   -1.78093e+05    5.77968e+02   -1.60857e+05    2.88597e+04
   Total Energy  Conserved En.    Temperature Pressure (bar)
   -1.31997e+05   -1.55765e+05    2.98159e+02   -1.25328e+03

           Step           Time
          81000       81.00000

   Energies (kJ/mol)
        LJ (SR)   Coulomb (SR)   Coul. recip.      Potential    Kinetic En.
    1.70088e+04   -1.78534e+05    5.72559e+02   -1.60952e+05    2.88731e+04
   Total Energy  Conserved En.    Temperature Pressure (bar)
   -1.32079e+05   -1.55765e+05    2.98298e+02   -1.19126e+03

           Step           Time
          82000       82.00000

   Energies (kJ/mol)
        LJ (SR)   Coulomb (SR)   Coul. recip.      Potential    Kinetic En.
    1.72802e+04   -1.79040e+05    6.00980e+02   -1.61159e+05    2.91922e+04
   Total Energy  Conserved En.    Temperature Pressure (bar)
   -1.31967e+05   -1.55766e+05    3.01595e+02   -1.08068e+03

           Step           Time
          83000       83.00000

   Energies (kJ/mol)
        LJ (SR)   Coulomb (SR)   Coul. recip.      Potential    Kinetic En.
    1.75993e+04   -1.79266e+05    5.58376e+02   -1.61108e+05    2.87434e+04
   Total Energy  Conserved En.    Temperature Pressure (bar)
   -1.32365e+05   -1.55766e+05    2.96958e+02   -8.85720e+02

           Step           Time
          84000       84.00000

   Energies (kJ/mol)
        LJ (SR)   Coulomb (SR)   Coul. recip.      Potential    Kinetic En.
    1.62775e+04   -1.78172e+05    5.61927e+02   -1.61332e+05    2.89331e+04
   Total Energy  Conserved En.    Temperature Pressure (bar)
   -1.32399e+05   -1.55768e+05    2.98918e+02   -1.60405e+03

           Step           Time
          85000       85.00000

   Energies (kJ/mol)
        LJ (SR)   Coulomb (SR)   Coul. recip.      Potential    Kinetic En.
    1.74380e+04   -1.79394e+05    5.77259e+02   -1.61378e+05    2.93806e+04
   Total Energy  Conserved En.    Temperature Pressure (bar)
   -1.31998e+05   -1.55769e+05    3.03541e+02   -1.00780e+03

           Step           Time
          86000       86.00000

   Energies (kJ/mol)
        LJ (SR)   Coulomb (SR)   Coul. recip.      Potential    Kinetic En.
    1.68712e+04   -1.78311e+05    5.94181e+02   -1.60846e+05    2.90010e+04
   Total Energy  Conserved En.    Temperature Pressure (bar)
   -1.31845e+05   -1.55769e+05    2.99619e+02   -1.22459e+03

           Step           Time
          87000       87.00000

   Energies (kJ/mol)
        LJ (SR)   Coulomb (SR)   Coul. recip.      Potential    Kinetic En.
    1.72143e+04   -1.79278e+05    5.70194e+02   -1.61493e+05    2.92092e+04
   Total Energy  Conserved En.    Temperature Pressure (bar)
   -1.32284e+05   -1.55771e+05    3.01771e+02   -1.12494e+03

           Step           Time
          88000       88.00000

   Energies (kJ/mol)
        LJ (SR)   Coulomb (SR)   Coul. recip.      Potential    Kinetic En.
    1.68252e+04   -1.78962e+05    5.67102e+02   -1.61570e+05    2.89564e+04
   Total Energy  Conserved En.    Temperature Pressure (bar)
   -1.32613e+05   -1.55772e+05    2.99159e+02   -1.35453e+03

           Step           Time
          89000       89.00000

   Energies (kJ/mol)
        LJ (SR)   Coulomb (SR)   Coul. recip.      Potential    Kinetic En.
    1.74499e+04   -1.79528e+05    5.54521e+02   -1.61524e+05    2.90435e+04
   Total Energy  Conserved En.    Temperature Pressure (bar)
   -1.32480e+05   -1.55771e+05    3.00058e+02   -9.91822e+02

           Step           Time
          90000       90.00000

   Energies (kJ/mol)
        LJ (SR)   Coulomb (SR)   Coul. recip.      Potential    Kinetic En.
    1.68975e+04   -1.78425e+05    5.53242e+02   -1.60974e+05    2.87504e+04
   Total Energy  Conserved En.    Temperature Pressure (bar)
   -1.32224e+05   -1.55772e+05    2.97030e+02   -1.14769e+03

           Step           Time
          91000       91.00000

   Energies (kJ/mol)
        LJ (SR)   Coulomb (SR)   Coul. recip.      Potential    Kinetic En.
    1.65468e+04   -1.77979e+05    5.82787e+02   -1.60850e+05    2.88873e+04
   Total Energy  Conserved En.    Temperature Pressure (bar)
   -1.31962e+05   -1.55773e+05    2.98444e+02   -1.31989e+03

           Step           Time
          92000       92.00000

   Energies (kJ/mol)
        LJ (SR)   Coulomb (SR)   Coul. recip.      Potential    Kinetic En.
    1.63310e+04   -1.77522e+05    5.75115e+02   -1.60615e+05    2.86002e+04
   Total Energy  Conserved En.    Temperature Pressure (bar)
   -1.32015e+05   -1.55772e+05    2.95478e+02   -1.44824e+03

           Step           Time
          93000       93.00000

   Energies (kJ/mol)
        LJ (SR)   Coulomb (SR)   Coul. recip.      Potential    Kinetic En.
    1.60720e+04   -1.77775e+05    5.73915e+02   -1.61129e+05    2.91091e+04
   Total Energy  Conserved En.    Temperature Pressure (bar)
   -1.32020e+05   -1.55775e+05    3.00736e+02   -1.62424e+03

           Step           Time
          94000       94.00000

   Energies (kJ/mol)
        LJ (SR)   Coulomb (SR)   Coul. recip.      Potential    Kinetic En.
    1.74102e+04   -1.78889e+05    5.76572e+02   -1.60902e+05    2.91293e+04
   Total Energy  Conserved En.    Temperature Pressure (bar)
   -1.31773e+05   -1.55775e+05    3.00945e+02   -9.20404e+02

           Step           Time
          95000       95.00000

   Energies (kJ/mol)
        LJ (SR)   Coulomb (SR)   Coul. recip.      Potential    Kinetic En.
    1.69025e+04   -1.79089e+05    5.43703e+02   -1.61643e+05    2.89519e+04
   Total Energy  Conserved En.    Temperature Pressure (bar)
   -1.32691e+05   -1.55776e+05    2.99112e+02   -1.27850e+03

           Step           Time
          96000       96.00000

   Energies (kJ/mol)
        LJ (SR)   Coulomb (SR)   Coul. recip.      Potential    Kinetic En.
    1.68777e+04   -1.78588e+05    5.33612e+02   -1.61177e+05    2.83809e+04
   Total Energy  Conserved En.    Temperature Pressure (bar)
   -1.32796e+05   -1.55775e+05    2.93213e+02   -1.29248e+03

           Step           Time
          97000       97.00000

   Energies (kJ/mol)
        LJ (SR)   Coulomb (SR)   Coul. recip.      Potential    Kinetic En.
    1.77050e+04   -1.79301e+05    5.53710e+02   -1.61042e+05    2.89076e+04
   Total Energy  Conserved En.    Temperature Pressure (bar)
   -1.32134e+05   -1.55776e+05    2.98655e+02   -8.34286e+02

           Step           Time
          98000       98.00000

   Energies (kJ/mol)
        LJ (SR)   Coulomb (SR)   Coul. recip.      Potential    Kinetic En.
    1.77789e+04   -1.79375e+05    5.53796e+02   -1.61043e+05    2.92030e+04
   Total Energy  Conserved En.    Temperature Pressure (bar)
   -1.31840e+05   -1.55776e+05    3.01706e+02   -7.42802e+02

           Step           Time
          99000       99.00000

   Energies (kJ/mol)
        LJ (SR)   Coulomb (SR)   Coul. recip.      Potential    Kinetic En.
    1.73293e+04   -1.79462e+05    5.46108e+02   -1.61586e+05    2.88559e+04
   Total Energy  Conserved En.    Temperature Pressure (bar)
   -1.32731e+05   -1.55778e+05    2.98120e+02   -1.08370e+03

           Step           Time
         100000      100.00000

   Energies (kJ/mol)
        LJ (SR)   Coulomb (SR)   Coul. recip.      Potential    Kinetic En.
    1.73694e+04   -1.79415e+05    5.78873e+02   -1.61467e+05    2.88527e+04
   Total Energy  Conserved En.    Temperature Pressure (bar)
   -1.32614e+05   -1.55777e+05    2.98088e+02   -1.07575e+03

           Step           Time
         101000      101.00000

   Energies (kJ/mol)
        LJ (SR)   Coulomb (SR)   Coul. recip.      Potential    Kinetic En.
    1.73916e+04   -1.79494e+05    5.52168e+02   -1.61550e+05    2.88326e+04
   Total Energy  Conserved En.    Temperature Pressure (bar)
   -1.32717e+05   -1.55777e+05    2.97879e+02   -1.00665e+03

           Step           Time
         102000      102.00000

   Energies (kJ/mol)
        LJ (SR)   Coulomb (SR)   Coul. recip.      Potential    Kinetic En.
    1.73473e+04   -1.79249e+05    5.45483e+02   -1.61356e+05    2.87594e+04
   Total Energy  Conserved En.    Temperature Pressure (bar)
   -1.32597e+05   -1.55779e+05    2.97123e+02   -1.07356e+03

           Step           Time
         103000      103.00000

   Energies (kJ/mol)
        LJ (SR)   Coulomb (SR)   Coul. recip.      Potential    Kinetic En.
    1.68224e+04   -1.78399e+05    5.65573e+02   -1.61011e+05    2.90084e+04
   Total Energy  Conserved En.    Temperature Pressure (bar)
   -1.32003e+05   -1.55780e+05    2.99696e+02   -1.24683e+03

           Step           Time
         104000      104.00000

   Energies (kJ/mol)
        LJ (SR)   Coulomb (SR)   Coul. recip.      Potential    Kinetic En.
    1.68962e+04   -1.78282e+05    5.80551e+02   -1.60805e+05    2.92988e+04
   Total Energy  Conserved En.    Temperature Pressure (bar)
   -1.31506e+05   -1.55781e+05    3.02696e+02   -1.18672e+03

           Step           Time
         105000      105.00000

   Energies (kJ/mol)
        LJ (SR)   Coulomb (SR)   Coul. recip.      Potential    Kinetic En.
    1.69818e+04   -1.78902e+05    6.08091e+02   -1.61312e+05    2.91964e+04
   Total Energy  Conserved En.    Temperature Pressure (bar)
   -1.32116e+05   -1.55782e+05    3.01639e+02   -1.24612e+03

           Step           Time
         106000      106.00000

   Energies (kJ/mol)
        LJ (SR)   Coulomb (SR)   Coul. recip.      Potential    Kinetic En.
    1.74600e+04   -1.79172e+05    5.58443e+02   -1.61154e+05    2.85773e+04
   Total Energy  Conserved En.    Temperature Pressure (bar)
   -1.32577e+05   -1.55781e+05    2.95242e+02   -9.75934e+02

           Step           Time
         107000      107.00000

   Energies (kJ/mol)
        LJ (SR)   Coulomb (SR)   Coul. recip.      Potential    Kinetic En.
    1.70047e+04   -1.78816e+05    5.37102e+02   -1.61274e+05    2.93933e+04
   Total Energy  Conserved En.    Temperature Pressure (bar)
   -1.31881e+05   -1.55782e+05    3.03672e+02   -1.23007e+03

           Step           Time
         108000      108.00000

   Energies (kJ/mol)
        LJ (SR)   Coulomb (SR)   Coul. recip.      Potential    Kinetic En.
    1.66892e+04   -1.78448e+05    5.49458e+02   -1.61209e+05    2.87082e+04
   Total Energy  Conserved En.    Temperature Pressure (bar)
   -1.32501e+05   -1.55783e+05    2.96594e+02   -1.40730e+03

Writing checkpoint, step 108900 at Sun Sep 29 13:56:12 2024


           Step           Time
         109000      109.00000

   Energies (kJ/mol)
        LJ (SR)   Coulomb (SR)   Coul. recip.      Potential    Kinetic En.
    1.68644e+04   -1.78407e+05    5.89306e+02   -1.60953e+05    2.90572e+04
   Total Energy  Conserved En.    Temperature Pressure (bar)
   -1.31896e+05   -1.55783e+05    3.00200e+02   -1.18432e+03

           Step           Time
         110000      110.00000

   Energies (kJ/mol)
        LJ (SR)   Coulomb (SR)   Coul. recip.      Potential    Kinetic En.
    1.71059e+04   -1.79061e+05    5.18890e+02   -1.61436e+05    2.94319e+04
   Total Energy  Conserved En.    Temperature Pressure (bar)
   -1.32004e+05   -1.55786e+05    3.04072e+02   -1.13338e+03

           Step           Time
         111000      111.00000

   Energies (kJ/mol)
        LJ (SR)   Coulomb (SR)   Coul. recip.      Potential    Kinetic En.
    1.69741e+04   -1.78950e+05    5.97776e+02   -1.61378e+05    2.92295e+04
   Total Energy  Conserved En.    Temperature Pressure (bar)
   -1.32148e+05   -1.55785e+05    3.01980e+02   -1.19033e+03

           Step           Time
         112000      112.00000

   Energies (kJ/mol)
        LJ (SR)   Coulomb (SR)   Coul. recip.      Potential    Kinetic En.
    1.75378e+04   -1.79792e+05    6.12004e+02   -1.61642e+05    2.92965e+04
   Total Energy  Conserved En.    Temperature Pressure (bar)
   -1.32346e+05   -1.55785e+05    3.02672e+02   -1.00520e+03

           Step           Time
         113000      113.00000

   Energies (kJ/mol)
        LJ (SR)   Coulomb (SR)   Coul. recip.      Potential    Kinetic En.
    1.72287e+04   -1.79729e+05    5.26881e+02   -1.61973e+05    2.95478e+04
   Total Energy  Conserved En.    Temperature Pressure (bar)
   -1.32425e+05   -1.55787e+05    3.05269e+02   -1.17910e+03

           Step           Time
         114000      114.00000

   Energies (kJ/mol)
        LJ (SR)   Coulomb (SR)   Coul. recip.      Potential    Kinetic En.
    1.74234e+04   -1.79290e+05    5.74464e+02   -1.61292e+05    2.91879e+04
   Total Energy  Conserved En.    Temperature Pressure (bar)
   -1.32104e+05   -1.55787e+05    3.01550e+02   -1.03353e+03

           Step           Time
         115000      115.00000

   Energies (kJ/mol)
        LJ (SR)   Coulomb (SR)   Coul. recip.      Potential    Kinetic En.
    1.73837e+04   -1.79075e+05    6.22615e+02   -1.61069e+05    2.90200e+04
   Total Energy  Conserved En.    Temperature Pressure (bar)
   -1.32049e+05   -1.55787e+05    2.99815e+02   -9.35309e+02

           Step           Time
         116000      116.00000

   Energies (kJ/mol)
        LJ (SR)   Coulomb (SR)   Coul. recip.      Potential    Kinetic En.
    1.72101e+04   -1.78678e+05    5.59180e+02   -1.60909e+05    2.88372e+04
   Total Energy  Conserved En.    Temperature Pressure (bar)
   -1.32072e+05   -1.55787e+05    2.97927e+02   -1.02718e+03

           Step           Time
         117000      117.00000

   Energies (kJ/mol)
        LJ (SR)   Coulomb (SR)   Coul. recip.      Potential    Kinetic En.
    1.68240e+04   -1.78368e+05    5.85650e+02   -1.60958e+05    2.88251e+04
   Total Energy  Conserved En.    Temperature Pressure (bar)
   -1.32133e+05   -1.55788e+05    2.97802e+02   -1.21566e+03

           Step           Time
         118000      118.00000

   Energies (kJ/mol)
        LJ (SR)   Coulomb (SR)   Coul. recip.      Potential    Kinetic En.
    1.64437e+04   -1.78093e+05    5.68497e+02   -1.61080e+05    2.89975e+04
   Total Energy  Conserved En.    Temperature Pressure (bar)
   -1.32083e+05   -1.55789e+05    2.99583e+02   -1.42926e+03

           Step           Time
         119000      119.00000

   Energies (kJ/mol)
        LJ (SR)   Coulomb (SR)   Coul. recip.      Potential    Kinetic En.
    1.68035e+04   -1.78406e+05    5.67783e+02   -1.61035e+05    2.93563e+04
   Total Energy  Conserved En.    Temperature Pressure (bar)
   -1.31679e+05   -1.55791e+05    3.03290e+02   -1.25675e+03

           Step           Time
         120000      120.00000

   Energies (kJ/mol)
        LJ (SR)   Coulomb (SR)   Coul. recip.      Potential    Kinetic En.
    1.71041e+04   -1.78451e+05    5.65589e+02   -1.60782e+05    2.89791e+04
   Total Energy  Conserved En.    Temperature Pressure (bar)
   -1.31803e+05   -1.55790e+05    2.99393e+02   -1.06193e+03

           Step           Time
         121000      121.00000

   Energies (kJ/mol)
        LJ (SR)   Coulomb (SR)   Coul. recip.      Potential    Kinetic En.
    1.64632e+04   -1.78032e+05    5.87469e+02   -1.60982e+05    2.90334e+04
   Total Energy  Conserved En.    Temperature Pressure (bar)
   -1.31948e+05   -1.55791e+05    2.99954e+02   -1.38557e+03

           Step           Time
         122000      122.00000

   Energies (kJ/mol)
        LJ (SR)   Coulomb (SR)   Coul. recip.      Potential    Kinetic En.
    1.68544e+04   -1.78107e+05    5.68406e+02   -1.60684e+05    2.84602e+04
   Total Energy  Conserved En.    Temperature Pressure (bar)
   -1.32224e+05   -1.55791e+05    2.94032e+02   -1.20310e+03

           Step           Time
         123000      123.00000

   Energies (kJ/mol)
        LJ (SR)   Coulomb (SR)   Coul. recip.      Potential    Kinetic En.
    1.69856e+04   -1.78570e+05    5.47604e+02   -1.61037e+05    2.85419e+04
   Total Energy  Conserved En.    Temperature Pressure (bar)
   -1.32495e+05   -1.55791e+05    2.94877e+02   -1.16184e+03

           Step           Time
         124000      124.00000

   Energies (kJ/mol)
        LJ (SR)   Coulomb (SR)   Coul. recip.      Potential    Kinetic En.
    1.69877e+04   -1.78487e+05    5.62482e+02   -1.60937e+05    2.87384e+04
   Total Energy  Conserved En.    Temperature Pressure (bar)
   -1.32198e+05   -1.55793e+05    2.96907e+02   -1.13623e+03

           Step           Time
         125000      125.00000

Writing checkpoint, step 125000 at Sun Sep 29 14:00:39 2024


   Energies (kJ/mol)
        LJ (SR)   Coulomb (SR)   Coul. recip.      Potential    Kinetic En.
    1.69016e+04   -1.78521e+05    5.61038e+02   -1.61058e+05    2.87618e+04
   Total Energy  Conserved En.    Temperature Pressure (bar)
   -1.32296e+05   -1.55792e+05    2.97148e+02   -1.17727e+03


Energy conservation over simulation part #1 of length 125 ps, time 0 to 125 ps
  Conserved energy drift: -2.38e-05 kJ/mol/ps per atom


	<======  ###############  ==>
	<====  A V E R A G E S  ====>
	<==  ###############  ======>

	Statistics over 125001 steps using 1251 frames

   Energies (kJ/mol)
        LJ (SR)   Coulomb (SR)   Coul. recip.      Potential    Kinetic En.
    1.71618e+04   -1.79233e+05    5.66559e+02   -1.61504e+05    2.88492e+04
   Total Energy  Conserved En.    Temperature Pressure (bar)
   -1.32655e+05   -1.55755e+05    2.98051e+02   -1.15712e+03

   Total Virial (kJ/mol)
    1.39675e+04   -8.15040e+00    1.04427e+01
   -7.97873e+00    1.39693e+04    4.26366e+00
    1.05113e+01    4.19293e+00    1.39779e+04

   Pressure (bar)
   -1.15480e+03    1.74327e+00   -1.91587e+00
    1.69766e+00   -1.15642e+03   -2.16291e+00
   -1.93412e+00   -2.14412e+00   -1.16015e+03


	M E G A - F L O P S   A C C O U N T I N G

 NB=Group-cutoff nonbonded kernels    NxN=N-by-N cluster Verlet kernels
 RF=Reaction-Field  VdW=Van der Waals  QSTab=quadratic-spline table
 W3=SPC/TIP3p  W4=TIP4p (single or pairs)
 V&F=Potential and force  V=Potential only  F=Force only

 Computing:                               M-Number         M-Flops  % Flops
-----------------------------------------------------------------------------
 Pair Search distance check            7413.441720       66720.975     0.1
 NxN Ewald Elec. + LJ [F]           1142925.808464    89148213.060    93.7
 NxN Ewald Elec. + LJ [V&F]           11553.939600     1490458.208     1.6
 NxN Ewald Elec. [F]                  14663.710512      894486.341     0.9
 NxN Ewald Elec. [V&F]                  148.222384       12450.680     0.0
 Calc Weights                          4363.534908      157087.257     0.2
 Spread Q Bspline                     93088.744704      186177.489     0.2
 Gather F Bspline                     93088.744704      558532.468     0.6
 3D-FFT                              299631.897036     2397055.176     2.5
 Solve PME                              220.501764       14112.113     0.0
 Reset In Box                            14.556636          43.670     0.0
 CG-CoM                                  14.568272          43.705     0.0
 Virial                                  14.612931         263.033     0.0
 Stop-CM                                 14.568272         145.683     0.0
 Calc-Ekin                               29.113272         786.058     0.0
 Constraint-V                          1452.773244       13074.959     0.0
 Constraint-Vir                          14.539122         348.939     0.0
 Settle                                 484.261622      179176.800     0.2
-----------------------------------------------------------------------------
 Total                                                95119176.616   100.0
-----------------------------------------------------------------------------


    D O M A I N   D E C O M P O S I T I O N   S T A T I S T I C S

 av. #atoms communicated per step for force:  2 x 0.0


      R E A L   C Y C L E   A N D   T I M E   A C C O U N T I N G

On 1 MPI rank

 Activity:              Num   Num      Call    Wall time         Giga-Cycles
                        Ranks Threads  Count      (s)         total sum    %
--------------------------------------------------------------------------------
 Domain decomp.            1    1       1251       2.436          7.049   0.1
 Neighbor search           1    1       1251      19.192         55.525   0.9
 Force                     1    1     125001    1828.897       5291.312  88.3
 PME mesh                  1    1     125001     196.317        567.977   9.5
 NB X/F buffer ops.        1    1     248751       6.184         17.891   0.3
 Write traj.               1    1         28       1.827          5.286   0.1
 Update                    1    1     125001       5.030         14.554   0.2
 Constraints               1    1     125003       9.562         27.665   0.5
 Rest                                              1.183          3.423   0.1
--------------------------------------------------------------------------------
 Total                                          2070.629       5990.681 100.0
--------------------------------------------------------------------------------
 Breakdown of PME mesh activities
--------------------------------------------------------------------------------
 PME spread                1    1     125001      61.395        177.626   3.0
 PME gather                1    1     125001      35.563        102.891   1.7
 PME 3D-FFT                1    1     250002      88.583        256.286   4.3
 PME solve Elec            1    1     125001      10.523         30.444   0.5
--------------------------------------------------------------------------------

               Core t (s)   Wall t (s)        (%)
       Time:     2070.594     2070.629      100.0
                         34:30
                 (ns/day)    (hour/ns)
Performance:        5.216        4.601
Finished mdrun on rank 0 Sun Sep 29 14:00:39 2024

