Electrostatic potential parameters

Grid information (see 1_default_grid.dat in Angstrom)
    Number of grid points:            1075

Quantum electrostatic potential (see 1_default_grid_esp.dat)

Constraints
    Charge constraints
        Total charge of   0.06752642 on the set   2
        Total charge of   0.08393951 on the set   3
        Total charge of  -0.46785179 on the set   4
        Total charge of   0.12070480 on the set   5
        Total charge of  -0.09084096 on the set   6
        Total charge of   0.35834315 on the set   7
        Total charge of  -0.49495367 on the set   8
        Total charge of  -0.04696848 on the set   9
        Total charge of   0.37000299 on the set  11
        Total charge of  -0.53027872 on the set  12
        Total charge of   0.01788356 on the set  13
        Total charge of   0.17379109 on the set  18
    Equality constraints
        Equal charges on atoms
                                 15  16  17
                                 19  20  21
                                 22  23  24

Restraint
    Hyperbolic restraint to a charge of zero
    Hydrogen atoms are not restrained
    resp_a:                           0.0010
    resp_b:                           0.1000

Fit

Electrostatic Potential Charges
   Center  Symbol       ESP      RESP
      1    C      -0.24802970 -0.20810060
      2    N       0.06752642  0.06752642
      3    C       0.08393951  0.08393951
      4    N      -0.46785179 -0.46785179
      5    C       0.12070480  0.12070480
      6    C      -0.09084096 -0.09084096
      7    C       0.35834315  0.35834315
      8    O      -0.49495367 -0.49495367
      9    N      -0.04696848 -0.04696848
     10    C      -0.03932652 -0.02877602
     11    C       0.37000299  0.37000299
     12    O      -0.53027872 -0.53027872
     13    N       0.01788356  0.01788356
     14    C       0.04028710  0.01153824
     15    H       0.12483320  0.11234502
     16    H       0.12483320  0.11234502
     17    H       0.12483320  0.11234502
     18    H       0.17379109  0.17379109
     19    H       0.06318726  0.06012359
     20    H       0.06318726  0.06012359
     21    H       0.06318726  0.06012359
     22    H       0.04056994  0.04887821
     23    H       0.04056994  0.04887821
     24    H       0.04056994  0.04887821
Total Charge:      0.00000000 -0.00000000
